$ python -W ignore train.py lenetSimplify4

Test set: Avg. loss: 2.2996, Accuracy: 1206/10000 (12%)

Train Epoch: 1 [0/60000 (0%)]   Loss: 2.296742
Train Epoch: 1 [640/60000 (1%)] Loss: 2.275715
Train Epoch: 1 [1280/60000 (2%)]        Loss: 2.284296
Train Epoch: 1 [1920/60000 (3%)]        Loss: 2.248285
Train Epoch: 1 [2560/60000 (4%)]        Loss: 2.213507
Train Epoch: 1 [3200/60000 (5%)]        Loss: 2.204538
Train Epoch: 1 [3840/60000 (6%)]        Loss: 2.174970
Train Epoch: 1 [4480/60000 (7%)]        Loss: 2.070023
Train Epoch: 1 [5120/60000 (9%)]        Loss: 1.931391
Train Epoch: 1 [5760/60000 (10%)]       Loss: 1.856382
Train Epoch: 1 [6400/60000 (11%)]       Loss: 1.783786
Train Epoch: 1 [7040/60000 (12%)]       Loss: 1.463937
Train Epoch: 1 [7680/60000 (13%)]       Loss: 1.269303
Train Epoch: 1 [8320/60000 (14%)]       Loss: 1.235193
Train Epoch: 1 [8960/60000 (15%)]       Loss: 1.093585
Train Epoch: 1 [9600/60000 (16%)]       Loss: 0.948770
Train Epoch: 1 [10240/60000 (17%)]      Loss: 0.909301
Train Epoch: 1 [10880/60000 (18%)]      Loss: 0.895304
Train Epoch: 1 [11520/60000 (19%)]      Loss: 0.747654
Train Epoch: 1 [12160/60000 (20%)]      Loss: 0.936117
Train Epoch: 1 [12800/60000 (21%)]      Loss: 1.174123
Train Epoch: 1 [13440/60000 (22%)]      Loss: 0.852020
Train Epoch: 1 [14080/60000 (23%)]      Loss: 0.748651
Train Epoch: 1 [14720/60000 (25%)]      Loss: 0.630731
Train Epoch: 1 [15360/60000 (26%)]      Loss: 0.681155
Train Epoch: 1 [16000/60000 (27%)]      Loss: 0.684824
Train Epoch: 1 [16640/60000 (28%)]      Loss: 0.570529
Train Epoch: 1 [17280/60000 (29%)]      Loss: 0.647809
Train Epoch: 1 [17920/60000 (30%)]      Loss: 0.959928
Train Epoch: 1 [18560/60000 (31%)]      Loss: 0.576576
Train Epoch: 1 [19200/60000 (32%)]      Loss: 0.569967
Train Epoch: 1 [19840/60000 (33%)]      Loss: 0.995484
Train Epoch: 1 [20480/60000 (34%)]      Loss: 0.499818
Train Epoch: 1 [21120/60000 (35%)]      Loss: 0.725803
Train Epoch: 1 [21760/60000 (36%)]      Loss: 0.442680
Train Epoch: 1 [22400/60000 (37%)]      Loss: 0.456883
Train Epoch: 1 [23040/60000 (38%)]      Loss: 0.543042
Train Epoch: 1 [23680/60000 (39%)]      Loss: 0.529503
Train Epoch: 1 [24320/60000 (41%)]      Loss: 0.610605
Train Epoch: 1 [24960/60000 (42%)]      Loss: 0.699019
Train Epoch: 1 [25600/60000 (43%)]      Loss: 0.438090
Train Epoch: 1 [26240/60000 (44%)]      Loss: 0.635061
Train Epoch: 1 [26880/60000 (45%)]      Loss: 0.504763
Train Epoch: 1 [27520/60000 (46%)]      Loss: 0.546773
Train Epoch: 1 [28160/60000 (47%)]      Loss: 0.410413
Train Epoch: 1 [28800/60000 (48%)]      Loss: 0.582735
Train Epoch: 1 [29440/60000 (49%)]      Loss: 0.406972
Train Epoch: 1 [30080/60000 (50%)]      Loss: 0.401823
Train Epoch: 1 [30720/60000 (51%)]      Loss: 0.717395
Train Epoch: 1 [31360/60000 (52%)]      Loss: 0.495461
Train Epoch: 1 [32000/60000 (53%)]      Loss: 0.429853
Train Epoch: 1 [32640/60000 (54%)]      Loss: 0.566212
Train Epoch: 1 [33280/60000 (55%)]      Loss: 0.368134
Train Epoch: 1 [33920/60000 (57%)]      Loss: 0.408656
Train Epoch: 1 [34560/60000 (58%)]      Loss: 0.639259
Train Epoch: 1 [35200/60000 (59%)]      Loss: 0.392037
Train Epoch: 1 [35840/60000 (60%)]      Loss: 0.659065
Train Epoch: 1 [36480/60000 (61%)]      Loss: 0.541305
Train Epoch: 1 [37120/60000 (62%)]      Loss: 0.561328
Train Epoch: 1 [37760/60000 (63%)]      Loss: 0.464919
Train Epoch: 1 [38400/60000 (64%)]      Loss: 0.545956
Train Epoch: 1 [39040/60000 (65%)]      Loss: 0.342564
Train Epoch: 1 [39680/60000 (66%)]      Loss: 0.479704
Train Epoch: 1 [40320/60000 (67%)]      Loss: 0.372296
Train Epoch: 1 [40960/60000 (68%)]      Loss: 0.399259
Train Epoch: 1 [41600/60000 (69%)]      Loss: 0.391432
Train Epoch: 1 [42240/60000 (70%)]      Loss: 0.325384
Train Epoch: 1 [42880/60000 (71%)]      Loss: 0.529446
Train Epoch: 1 [43520/60000 (72%)]      Loss: 0.260452
Train Epoch: 1 [44160/60000 (74%)]      Loss: 0.316789
Train Epoch: 1 [44800/60000 (75%)]      Loss: 0.377310
Train Epoch: 1 [45440/60000 (76%)]      Loss: 0.188710
Train Epoch: 1 [46080/60000 (77%)]      Loss: 0.296141
Train Epoch: 1 [46720/60000 (78%)]      Loss: 0.261975
Train Epoch: 1 [47360/60000 (79%)]      Loss: 0.389040
Train Epoch: 1 [48000/60000 (80%)]      Loss: 0.328286
Train Epoch: 1 [48640/60000 (81%)]      Loss: 0.346879
Train Epoch: 1 [49280/60000 (82%)]      Loss: 0.223569
Train Epoch: 1 [49920/60000 (83%)]      Loss: 0.422832
Train Epoch: 1 [50560/60000 (84%)]      Loss: 0.274242
Train Epoch: 1 [51200/60000 (85%)]      Loss: 0.395273
Train Epoch: 1 [51840/60000 (86%)]      Loss: 0.654581
Train Epoch: 1 [52480/60000 (87%)]      Loss: 0.460583
Train Epoch: 1 [53120/60000 (88%)]      Loss: 0.435008
Train Epoch: 1 [53760/60000 (90%)]      Loss: 0.290603
Train Epoch: 1 [54400/60000 (91%)]      Loss: 0.159758
Train Epoch: 1 [55040/60000 (92%)]      Loss: 0.454062
Train Epoch: 1 [55680/60000 (93%)]      Loss: 0.461138
Train Epoch: 1 [56320/60000 (94%)]      Loss: 0.496301
Train Epoch: 1 [56960/60000 (95%)]      Loss: 0.548546
Train Epoch: 1 [57600/60000 (96%)]      Loss: 0.197171
Train Epoch: 1 [58240/60000 (97%)]      Loss: 0.380866
Train Epoch: 1 [58880/60000 (98%)]      Loss: 0.276586
Train Epoch: 1 [59520/60000 (99%)]      Loss: 0.242699

Test set: Avg. loss: 0.1579, Accuracy: 9525/10000 (95%)

Train Epoch: 2 [0/60000 (0%)]   Loss: 0.276088
Train Epoch: 2 [640/60000 (1%)] Loss: 0.240958
Train Epoch: 2 [1280/60000 (2%)]        Loss: 0.372384
Train Epoch: 2 [1920/60000 (3%)]        Loss: 0.229029
Train Epoch: 2 [2560/60000 (4%)]        Loss: 0.456907
Train Epoch: 2 [3200/60000 (5%)]        Loss: 0.246119
Train Epoch: 2 [3840/60000 (6%)]        Loss: 0.279406
Train Epoch: 2 [4480/60000 (7%)]        Loss: 0.395023
Train Epoch: 2 [5120/60000 (9%)]        Loss: 0.381654
Train Epoch: 2 [5760/60000 (10%)]       Loss: 0.370688
Train Epoch: 2 [6400/60000 (11%)]       Loss: 0.125233
Train Epoch: 2 [7040/60000 (12%)]       Loss: 0.400961
Train Epoch: 2 [7680/60000 (13%)]       Loss: 0.335467
Train Epoch: 2 [8320/60000 (14%)]       Loss: 0.393521
Train Epoch: 2 [8960/60000 (15%)]       Loss: 0.535936
Train Epoch: 2 [9600/60000 (16%)]       Loss: 0.375017
Train Epoch: 2 [10240/60000 (17%)]      Loss: 0.448836
Train Epoch: 2 [10880/60000 (18%)]      Loss: 0.551983
Train Epoch: 2 [11520/60000 (19%)]      Loss: 0.296167
Train Epoch: 2 [12160/60000 (20%)]      Loss: 0.496724
Train Epoch: 2 [12800/60000 (21%)]      Loss: 0.272995
Train Epoch: 2 [13440/60000 (22%)]      Loss: 0.353882
Train Epoch: 2 [14080/60000 (23%)]      Loss: 0.462809
Train Epoch: 2 [14720/60000 (25%)]      Loss: 0.222695
Train Epoch: 2 [15360/60000 (26%)]      Loss: 0.445834
Train Epoch: 2 [16000/60000 (27%)]      Loss: 0.401316
Train Epoch: 2 [16640/60000 (28%)]      Loss: 0.351942
Train Epoch: 2 [17280/60000 (29%)]      Loss: 0.299802
Train Epoch: 2 [17920/60000 (30%)]      Loss: 0.306536
Train Epoch: 2 [18560/60000 (31%)]      Loss: 0.255571
Train Epoch: 2 [19200/60000 (32%)]      Loss: 0.457080
Train Epoch: 2 [19840/60000 (33%)]      Loss: 0.401876
Train Epoch: 2 [20480/60000 (34%)]      Loss: 0.154471
Train Epoch: 2 [21120/60000 (35%)]      Loss: 0.191185
Train Epoch: 2 [21760/60000 (36%)]      Loss: 0.488642
Train Epoch: 2 [22400/60000 (37%)]      Loss: 0.408118
Train Epoch: 2 [23040/60000 (38%)]      Loss: 0.280861
Train Epoch: 2 [23680/60000 (39%)]      Loss: 0.372058
Train Epoch: 2 [24320/60000 (41%)]      Loss: 0.371418
Train Epoch: 2 [24960/60000 (42%)]      Loss: 0.146867
Train Epoch: 2 [25600/60000 (43%)]      Loss: 0.289502
Train Epoch: 2 [26240/60000 (44%)]      Loss: 0.439167
Train Epoch: 2 [26880/60000 (45%)]      Loss: 0.493827
Train Epoch: 2 [27520/60000 (46%)]      Loss: 0.170551
Train Epoch: 2 [28160/60000 (47%)]      Loss: 0.191577
Train Epoch: 2 [28800/60000 (48%)]      Loss: 0.267664
Train Epoch: 2 [29440/60000 (49%)]      Loss: 0.293053
Train Epoch: 2 [30080/60000 (50%)]      Loss: 0.163231
Train Epoch: 2 [30720/60000 (51%)]      Loss: 0.155712
Train Epoch: 2 [31360/60000 (52%)]      Loss: 0.206040
Train Epoch: 2 [32000/60000 (53%)]      Loss: 0.358020
Train Epoch: 2 [32640/60000 (54%)]      Loss: 0.231489
Train Epoch: 2 [33280/60000 (55%)]      Loss: 0.355392
Train Epoch: 2 [33920/60000 (57%)]      Loss: 0.189413
Train Epoch: 2 [34560/60000 (58%)]      Loss: 0.316754
Train Epoch: 2 [35200/60000 (59%)]      Loss: 0.157514
Train Epoch: 2 [35840/60000 (60%)]      Loss: 0.207753
Train Epoch: 2 [36480/60000 (61%)]      Loss: 0.372583
Train Epoch: 2 [37120/60000 (62%)]      Loss: 0.314790
Train Epoch: 2 [37760/60000 (63%)]      Loss: 0.354835
Train Epoch: 2 [38400/60000 (64%)]      Loss: 0.266023
Train Epoch: 2 [39040/60000 (65%)]      Loss: 0.342918
Train Epoch: 2 [39680/60000 (66%)]      Loss: 0.258931
Train Epoch: 2 [40320/60000 (67%)]      Loss: 0.177167
Train Epoch: 2 [40960/60000 (68%)]      Loss: 0.505058
Train Epoch: 2 [41600/60000 (69%)]      Loss: 0.263019
Train Epoch: 2 [42240/60000 (70%)]      Loss: 0.215932
Train Epoch: 2 [42880/60000 (71%)]      Loss: 0.220988
Train Epoch: 2 [43520/60000 (72%)]      Loss: 0.306174
Train Epoch: 2 [44160/60000 (74%)]      Loss: 0.123329
Train Epoch: 2 [44800/60000 (75%)]      Loss: 0.138020
Train Epoch: 2 [45440/60000 (76%)]      Loss: 0.614288
Train Epoch: 2 [46080/60000 (77%)]      Loss: 0.141604
Train Epoch: 2 [46720/60000 (78%)]      Loss: 0.546424
Train Epoch: 2 [47360/60000 (79%)]      Loss: 0.226632
Train Epoch: 2 [48000/60000 (80%)]      Loss: 0.232059
Train Epoch: 2 [48640/60000 (81%)]      Loss: 0.421789
Train Epoch: 2 [49280/60000 (82%)]      Loss: 0.274882
Train Epoch: 2 [49920/60000 (83%)]      Loss: 0.134705
Train Epoch: 2 [50560/60000 (84%)]      Loss: 0.285301
Train Epoch: 2 [51200/60000 (85%)]      Loss: 0.242488
Train Epoch: 2 [51840/60000 (86%)]      Loss: 0.160717
Train Epoch: 2 [52480/60000 (87%)]      Loss: 0.171236
Train Epoch: 2 [53120/60000 (88%)]      Loss: 0.145228
Train Epoch: 2 [53760/60000 (90%)]      Loss: 0.156080
Train Epoch: 2 [54400/60000 (91%)]      Loss: 0.128129
Train Epoch: 2 [55040/60000 (92%)]      Loss: 0.233918
Train Epoch: 2 [55680/60000 (93%)]      Loss: 0.237931
Train Epoch: 2 [56320/60000 (94%)]      Loss: 0.329817
Train Epoch: 2 [56960/60000 (95%)]      Loss: 0.321734
Train Epoch: 2 [57600/60000 (96%)]      Loss: 0.298419
Train Epoch: 2 [58240/60000 (97%)]      Loss: 0.345043
Train Epoch: 2 [58880/60000 (98%)]      Loss: 0.147846
Train Epoch: 2 [59520/60000 (99%)]      Loss: 0.311063

Test set: Avg. loss: 0.1108, Accuracy: 9676/10000 (97%)

Train Epoch: 3 [0/60000 (0%)]   Loss: 0.425704
Train Epoch: 3 [640/60000 (1%)] Loss: 0.219795
Train Epoch: 3 [1280/60000 (2%)]        Loss: 0.215603
Train Epoch: 3 [1920/60000 (3%)]        Loss: 0.296133
Train Epoch: 3 [2560/60000 (4%)]        Loss: 0.180430
Train Epoch: 3 [3200/60000 (5%)]        Loss: 0.393478
Train Epoch: 3 [3840/60000 (6%)]        Loss: 0.244374
Train Epoch: 3 [4480/60000 (7%)]        Loss: 0.179130
Train Epoch: 3 [5120/60000 (9%)]        Loss: 0.246153
Train Epoch: 3 [5760/60000 (10%)]       Loss: 0.086706
Train Epoch: 3 [6400/60000 (11%)]       Loss: 0.099299
Train Epoch: 3 [7040/60000 (12%)]       Loss: 0.194444
Train Epoch: 3 [7680/60000 (13%)]       Loss: 0.533034
Train Epoch: 3 [8320/60000 (14%)]       Loss: 0.128574
Train Epoch: 3 [8960/60000 (15%)]       Loss: 0.138007
Train Epoch: 3 [9600/60000 (16%)]       Loss: 0.269568
Train Epoch: 3 [10240/60000 (17%)]      Loss: 0.113838
Train Epoch: 3 [10880/60000 (18%)]      Loss: 0.162659
Train Epoch: 3 [11520/60000 (19%)]      Loss: 0.276374
Train Epoch: 3 [12160/60000 (20%)]      Loss: 0.164545
Train Epoch: 3 [12800/60000 (21%)]      Loss: 0.217974
Train Epoch: 3 [13440/60000 (22%)]      Loss: 0.102220
Train Epoch: 3 [14080/60000 (23%)]      Loss: 0.333896
Train Epoch: 3 [14720/60000 (25%)]      Loss: 0.226018
Train Epoch: 3 [15360/60000 (26%)]      Loss: 0.147582
Train Epoch: 3 [16000/60000 (27%)]      Loss: 0.249575
Train Epoch: 3 [16640/60000 (28%)]      Loss: 0.132472
Train Epoch: 3 [17280/60000 (29%)]      Loss: 0.277244
Train Epoch: 3 [17920/60000 (30%)]      Loss: 0.301066
Train Epoch: 3 [18560/60000 (31%)]      Loss: 0.370889
Train Epoch: 3 [19200/60000 (32%)]      Loss: 0.089980
Train Epoch: 3 [19840/60000 (33%)]      Loss: 0.185402
Train Epoch: 3 [20480/60000 (34%)]      Loss: 0.153363
Train Epoch: 3 [21120/60000 (35%)]      Loss: 0.161873
Train Epoch: 3 [21760/60000 (36%)]      Loss: 0.185396
Train Epoch: 3 [22400/60000 (37%)]      Loss: 0.267838
Train Epoch: 3 [23040/60000 (38%)]      Loss: 0.140583
Train Epoch: 3 [23680/60000 (39%)]      Loss: 0.151841
Train Epoch: 3 [24320/60000 (41%)]      Loss: 0.206850
Train Epoch: 3 [24960/60000 (42%)]      Loss: 0.450748
Train Epoch: 3 [25600/60000 (43%)]      Loss: 0.174323
Train Epoch: 3 [26240/60000 (44%)]      Loss: 0.161945
Train Epoch: 3 [26880/60000 (45%)]      Loss: 0.357934
Train Epoch: 3 [27520/60000 (46%)]      Loss: 0.105032
Train Epoch: 3 [28160/60000 (47%)]      Loss: 0.227497
Train Epoch: 3 [28800/60000 (48%)]      Loss: 0.185932
Train Epoch: 3 [29440/60000 (49%)]      Loss: 0.264876
Train Epoch: 3 [30080/60000 (50%)]      Loss: 0.237932
Train Epoch: 3 [30720/60000 (51%)]      Loss: 0.342020
Train Epoch: 3 [31360/60000 (52%)]      Loss: 0.224257
Train Epoch: 3 [32000/60000 (53%)]      Loss: 0.208716
Train Epoch: 3 [32640/60000 (54%)]      Loss: 0.130352
Train Epoch: 3 [33280/60000 (55%)]      Loss: 0.224352
Train Epoch: 3 [33920/60000 (57%)]      Loss: 0.097243
Train Epoch: 3 [34560/60000 (58%)]      Loss: 0.149572
Train Epoch: 3 [35200/60000 (59%)]      Loss: 0.234774
Train Epoch: 3 [35840/60000 (60%)]      Loss: 0.278783
Train Epoch: 3 [36480/60000 (61%)]      Loss: 0.144231
Train Epoch: 3 [37120/60000 (62%)]      Loss: 0.253491
Train Epoch: 3 [37760/60000 (63%)]      Loss: 0.212025
Train Epoch: 3 [38400/60000 (64%)]      Loss: 0.340055
Train Epoch: 3 [39040/60000 (65%)]      Loss: 0.145228
Train Epoch: 3 [39680/60000 (66%)]      Loss: 0.113866
Train Epoch: 3 [40320/60000 (67%)]      Loss: 0.419199
Train Epoch: 3 [40960/60000 (68%)]      Loss: 0.334472
Train Epoch: 3 [41600/60000 (69%)]      Loss: 0.155109
Train Epoch: 3 [42240/60000 (70%)]      Loss: 0.187078
Train Epoch: 3 [42880/60000 (71%)]      Loss: 0.333146
Train Epoch: 3 [43520/60000 (72%)]      Loss: 0.117133
Train Epoch: 3 [44160/60000 (74%)]      Loss: 0.154328
Train Epoch: 3 [44800/60000 (75%)]      Loss: 0.174252
Train Epoch: 3 [45440/60000 (76%)]      Loss: 0.261461
Train Epoch: 3 [46080/60000 (77%)]      Loss: 0.318392
Train Epoch: 3 [46720/60000 (78%)]      Loss: 0.328538
Train Epoch: 3 [47360/60000 (79%)]      Loss: 0.178265
Train Epoch: 3 [48000/60000 (80%)]      Loss: 0.256826
Train Epoch: 3 [48640/60000 (81%)]      Loss: 0.257741
Train Epoch: 3 [49280/60000 (82%)]      Loss: 0.090889
Train Epoch: 3 [49920/60000 (83%)]      Loss: 0.196954
Train Epoch: 3 [50560/60000 (84%)]      Loss: 0.247868
Train Epoch: 3 [51200/60000 (85%)]      Loss: 0.325260
Train Epoch: 3 [51840/60000 (86%)]      Loss: 0.225679
Train Epoch: 3 [52480/60000 (87%)]      Loss: 0.122329
Train Epoch: 3 [53120/60000 (88%)]      Loss: 0.222982
Train Epoch: 3 [53760/60000 (90%)]      Loss: 0.269892
Train Epoch: 3 [54400/60000 (91%)]      Loss: 0.221989
Train Epoch: 3 [55040/60000 (92%)]      Loss: 0.178544
Train Epoch: 3 [55680/60000 (93%)]      Loss: 0.187445
Train Epoch: 3 [56320/60000 (94%)]      Loss: 0.184651
Train Epoch: 3 [56960/60000 (95%)]      Loss: 0.183449
Train Epoch: 3 [57600/60000 (96%)]      Loss: 0.264337
Train Epoch: 3 [58240/60000 (97%)]      Loss: 0.096378
Train Epoch: 3 [58880/60000 (98%)]      Loss: 0.077837
Train Epoch: 3 [59520/60000 (99%)]      Loss: 0.248719

Test set: Avg. loss: 0.0882, Accuracy: 9732/10000 (97%)