$ python -W ignore train.py lenetReluDrop

Test set: Avg. loss: 2.3029, Accuracy: 1032/10000 (10%)

Train Epoch: 1 [0/60000 (0%)]   Loss: 2.300158
Train Epoch: 1 [640/60000 (1%)] Loss: 2.288897
Train Epoch: 1 [1280/60000 (2%)]        Loss: 2.299411
Train Epoch: 1 [1920/60000 (3%)]        Loss: 2.303914
Train Epoch: 1 [2560/60000 (4%)]        Loss: 2.311392
Train Epoch: 1 [3200/60000 (5%)]        Loss: 2.307871
Train Epoch: 1 [3840/60000 (6%)]        Loss: 2.288870
Train Epoch: 1 [4480/60000 (7%)]        Loss: 2.287503
Train Epoch: 1 [5120/60000 (9%)]        Loss: 2.303631
Train Epoch: 1 [5760/60000 (10%)]       Loss: 2.296422
Train Epoch: 1 [6400/60000 (11%)]       Loss: 2.292194
Train Epoch: 1 [7040/60000 (12%)]       Loss: 2.294016
Train Epoch: 1 [7680/60000 (13%)]       Loss: 2.287064
Train Epoch: 1 [8320/60000 (14%)]       Loss: 2.282526
Train Epoch: 1 [8960/60000 (15%)]       Loss: 2.291472
Train Epoch: 1 [9600/60000 (16%)]       Loss: 2.284160
Train Epoch: 1 [10240/60000 (17%)]      Loss: 2.293661
Train Epoch: 1 [10880/60000 (18%)]      Loss: 2.277801
Train Epoch: 1 [11520/60000 (19%)]      Loss: 2.282801
Train Epoch: 1 [12160/60000 (20%)]      Loss: 2.268915
Train Epoch: 1 [12800/60000 (21%)]      Loss: 2.268938
Train Epoch: 1 [13440/60000 (22%)]      Loss: 2.248652
Train Epoch: 1 [14080/60000 (23%)]      Loss: 2.256207
Train Epoch: 1 [14720/60000 (25%)]      Loss: 2.225791
Train Epoch: 1 [15360/60000 (26%)]      Loss: 2.233660
Train Epoch: 1 [16000/60000 (27%)]      Loss: 2.204372
Train Epoch: 1 [16640/60000 (28%)]      Loss: 2.183242
Train Epoch: 1 [17280/60000 (29%)]      Loss: 2.131052
Train Epoch: 1 [17920/60000 (30%)]      Loss: 2.030272
Train Epoch: 1 [18560/60000 (31%)]      Loss: 1.982259
Train Epoch: 1 [19200/60000 (32%)]      Loss: 1.798225
Train Epoch: 1 [19840/60000 (33%)]      Loss: 1.607773
Train Epoch: 1 [20480/60000 (34%)]      Loss: 1.529531
Train Epoch: 1 [21120/60000 (35%)]      Loss: 1.328719
Train Epoch: 1 [21760/60000 (36%)]      Loss: 1.412747
Train Epoch: 1 [22400/60000 (37%)]      Loss: 1.247966
Train Epoch: 1 [23040/60000 (38%)]      Loss: 1.011521
Train Epoch: 1 [23680/60000 (39%)]      Loss: 1.230705
Train Epoch: 1 [24320/60000 (41%)]      Loss: 1.072415
Train Epoch: 1 [24960/60000 (42%)]      Loss: 0.839995
Train Epoch: 1 [25600/60000 (43%)]      Loss: 1.191890
Train Epoch: 1 [26240/60000 (44%)]      Loss: 0.873025
Train Epoch: 1 [26880/60000 (45%)]      Loss: 0.728779
Train Epoch: 1 [27520/60000 (46%)]      Loss: 0.888752
Train Epoch: 1 [28160/60000 (47%)]      Loss: 0.880155
Train Epoch: 1 [28800/60000 (48%)]      Loss: 0.786389
Train Epoch: 1 [29440/60000 (49%)]      Loss: 0.781135
Train Epoch: 1 [30080/60000 (50%)]      Loss: 0.798406
Train Epoch: 1 [30720/60000 (51%)]      Loss: 0.607802
Train Epoch: 1 [31360/60000 (52%)]      Loss: 0.812697
Train Epoch: 1 [32000/60000 (53%)]      Loss: 0.921466
Train Epoch: 1 [32640/60000 (54%)]      Loss: 0.932431
Train Epoch: 1 [33280/60000 (55%)]      Loss: 0.814537
Train Epoch: 1 [33920/60000 (57%)]      Loss: 0.815099
Train Epoch: 1 [34560/60000 (58%)]      Loss: 0.498594
Train Epoch: 1 [35200/60000 (59%)]      Loss: 0.654873
Train Epoch: 1 [35840/60000 (60%)]      Loss: 0.669595
Train Epoch: 1 [36480/60000 (61%)]      Loss: 0.766100
Train Epoch: 1 [37120/60000 (62%)]      Loss: 0.578888
Train Epoch: 1 [37760/60000 (63%)]      Loss: 0.553680
Train Epoch: 1 [38400/60000 (64%)]      Loss: 0.732286
Train Epoch: 1 [39040/60000 (65%)]      Loss: 0.571045
Train Epoch: 1 [39680/60000 (66%)]      Loss: 0.601127
Train Epoch: 1 [40320/60000 (67%)]      Loss: 0.477662
Train Epoch: 1 [40960/60000 (68%)]      Loss: 0.391105
Train Epoch: 1 [41600/60000 (69%)]      Loss: 0.705133
Train Epoch: 1 [42240/60000 (70%)]      Loss: 0.758650
Train Epoch: 1 [42880/60000 (71%)]      Loss: 0.364731
Train Epoch: 1 [43520/60000 (72%)]      Loss: 0.490559
Train Epoch: 1 [44160/60000 (74%)]      Loss: 0.334849
Train Epoch: 1 [44800/60000 (75%)]      Loss: 0.723784
Train Epoch: 1 [45440/60000 (76%)]      Loss: 0.684838
Train Epoch: 1 [46080/60000 (77%)]      Loss: 0.561735
Train Epoch: 1 [46720/60000 (78%)]      Loss: 0.580240
Train Epoch: 1 [47360/60000 (79%)]      Loss: 0.803656
Train Epoch: 1 [48000/60000 (80%)]      Loss: 0.626517
Train Epoch: 1 [48640/60000 (81%)]      Loss: 0.336723
Train Epoch: 1 [49280/60000 (82%)]      Loss: 0.466400
Train Epoch: 1 [49920/60000 (83%)]      Loss: 0.336693
Train Epoch: 1 [50560/60000 (84%)]      Loss: 0.592079
Train Epoch: 1 [51200/60000 (85%)]      Loss: 0.754510
Train Epoch: 1 [51840/60000 (86%)]      Loss: 0.520569
Train Epoch: 1 [52480/60000 (87%)]      Loss: 0.385453
Train Epoch: 1 [53120/60000 (88%)]      Loss: 0.483338
Train Epoch: 1 [53760/60000 (90%)]      Loss: 0.479019
Train Epoch: 1 [54400/60000 (91%)]      Loss: 0.535724
Train Epoch: 1 [55040/60000 (92%)]      Loss: 0.452038
Train Epoch: 1 [55680/60000 (93%)]      Loss: 0.557326
Train Epoch: 1 [56320/60000 (94%)]      Loss: 0.361795
Train Epoch: 1 [56960/60000 (95%)]      Loss: 0.366943
Train Epoch: 1 [57600/60000 (96%)]      Loss: 0.558647
Train Epoch: 1 [58240/60000 (97%)]      Loss: 0.478580
Train Epoch: 1 [58880/60000 (98%)]      Loss: 0.417403
Train Epoch: 1 [59520/60000 (99%)]      Loss: 0.556962

Test set: Avg. loss: 0.3168, Accuracy: 9041/10000 (90%)

Train Epoch: 2 [0/60000 (0%)]   Loss: 0.410451
Train Epoch: 2 [640/60000 (1%)] Loss: 0.435904
Train Epoch: 2 [1280/60000 (2%)]        Loss: 0.434074
Train Epoch: 2 [1920/60000 (3%)]        Loss: 0.403464
Train Epoch: 2 [2560/60000 (4%)]        Loss: 0.352338
Train Epoch: 2 [3200/60000 (5%)]        Loss: 0.338885
Train Epoch: 2 [3840/60000 (6%)]        Loss: 0.415461
Train Epoch: 2 [4480/60000 (7%)]        Loss: 0.318314
Train Epoch: 2 [5120/60000 (9%)]        Loss: 0.459575
Train Epoch: 2 [5760/60000 (10%)]       Loss: 0.236629
Train Epoch: 2 [6400/60000 (11%)]       Loss: 0.444487
Train Epoch: 2 [7040/60000 (12%)]       Loss: 0.311356
Train Epoch: 2 [7680/60000 (13%)]       Loss: 0.446015
Train Epoch: 2 [8320/60000 (14%)]       Loss: 0.476149
Train Epoch: 2 [8960/60000 (15%)]       Loss: 0.432491
Train Epoch: 2 [9600/60000 (16%)]       Loss: 0.266387
Train Epoch: 2 [10240/60000 (17%)]      Loss: 0.563586
Train Epoch: 2 [10880/60000 (18%)]      Loss: 0.315957
Train Epoch: 2 [11520/60000 (19%)]      Loss: 0.516560
Train Epoch: 2 [12160/60000 (20%)]      Loss: 0.593223
Train Epoch: 2 [12800/60000 (21%)]      Loss: 0.677947
Train Epoch: 2 [13440/60000 (22%)]      Loss: 0.364328
Train Epoch: 2 [14080/60000 (23%)]      Loss: 0.320228
Train Epoch: 2 [14720/60000 (25%)]      Loss: 0.662081
Train Epoch: 2 [15360/60000 (26%)]      Loss: 0.311429
Train Epoch: 2 [16000/60000 (27%)]      Loss: 0.194116
Train Epoch: 2 [16640/60000 (28%)]      Loss: 0.468590
Train Epoch: 2 [17280/60000 (29%)]      Loss: 0.383155
Train Epoch: 2 [17920/60000 (30%)]      Loss: 0.373616
Train Epoch: 2 [18560/60000 (31%)]      Loss: 0.313282
Train Epoch: 2 [19200/60000 (32%)]      Loss: 0.455525
Train Epoch: 2 [19840/60000 (33%)]      Loss: 0.267624
Train Epoch: 2 [20480/60000 (34%)]      Loss: 0.347191
Train Epoch: 2 [21120/60000 (35%)]      Loss: 0.454525
Train Epoch: 2 [21760/60000 (36%)]      Loss: 0.359569
Train Epoch: 2 [22400/60000 (37%)]      Loss: 0.402040
Train Epoch: 2 [23040/60000 (38%)]      Loss: 0.505252
Train Epoch: 2 [23680/60000 (39%)]      Loss: 0.400531
Train Epoch: 2 [24320/60000 (41%)]      Loss: 0.236259
Train Epoch: 2 [24960/60000 (42%)]      Loss: 0.456153
Train Epoch: 2 [25600/60000 (43%)]      Loss: 0.445993
Train Epoch: 2 [26240/60000 (44%)]      Loss: 0.387113
Train Epoch: 2 [26880/60000 (45%)]      Loss: 0.242129
Train Epoch: 2 [27520/60000 (46%)]      Loss: 0.337237
Train Epoch: 2 [28160/60000 (47%)]      Loss: 0.380383
Train Epoch: 2 [28800/60000 (48%)]      Loss: 0.303587
Train Epoch: 2 [29440/60000 (49%)]      Loss: 0.345029
Train Epoch: 2 [30080/60000 (50%)]      Loss: 0.466555
Train Epoch: 2 [30720/60000 (51%)]      Loss: 0.348139
Train Epoch: 2 [31360/60000 (52%)]      Loss: 0.317218
Train Epoch: 2 [32000/60000 (53%)]      Loss: 0.323824
Train Epoch: 2 [32640/60000 (54%)]      Loss: 0.417352
Train Epoch: 2 [33280/60000 (55%)]      Loss: 0.205399
Train Epoch: 2 [33920/60000 (57%)]      Loss: 0.259079
Train Epoch: 2 [34560/60000 (58%)]      Loss: 0.433758
Train Epoch: 2 [35200/60000 (59%)]      Loss: 0.442929
Train Epoch: 2 [35840/60000 (60%)]      Loss: 0.362738
Train Epoch: 2 [36480/60000 (61%)]      Loss: 0.377314
Train Epoch: 2 [37120/60000 (62%)]      Loss: 0.246947
Train Epoch: 2 [37760/60000 (63%)]      Loss: 0.300043
Train Epoch: 2 [38400/60000 (64%)]      Loss: 0.189416
Train Epoch: 2 [39040/60000 (65%)]      Loss: 0.280948
Train Epoch: 2 [39680/60000 (66%)]      Loss: 0.268423
Train Epoch: 2 [40320/60000 (67%)]      Loss: 0.417190
Train Epoch: 2 [40960/60000 (68%)]      Loss: 0.420146
Train Epoch: 2 [41600/60000 (69%)]      Loss: 0.315800
Train Epoch: 2 [42240/60000 (70%)]      Loss: 0.333164
Train Epoch: 2 [42880/60000 (71%)]      Loss: 0.223684
Train Epoch: 2 [43520/60000 (72%)]      Loss: 0.259904
Train Epoch: 2 [44160/60000 (74%)]      Loss: 0.197712
Train Epoch: 2 [44800/60000 (75%)]      Loss: 0.303650
Train Epoch: 2 [45440/60000 (76%)]      Loss: 0.404812
Train Epoch: 2 [46080/60000 (77%)]      Loss: 0.200747
Train Epoch: 2 [46720/60000 (78%)]      Loss: 0.492983
Train Epoch: 2 [47360/60000 (79%)]      Loss: 0.279233
Train Epoch: 2 [48000/60000 (80%)]      Loss: 0.514142
Train Epoch: 2 [48640/60000 (81%)]      Loss: 0.332927
Train Epoch: 2 [49280/60000 (82%)]      Loss: 0.503545
Train Epoch: 2 [49920/60000 (83%)]      Loss: 0.331365
Train Epoch: 2 [50560/60000 (84%)]      Loss: 0.359248
Train Epoch: 2 [51200/60000 (85%)]      Loss: 0.445431
Train Epoch: 2 [51840/60000 (86%)]      Loss: 0.323674
Train Epoch: 2 [52480/60000 (87%)]      Loss: 0.433025
Train Epoch: 2 [53120/60000 (88%)]      Loss: 0.192997
Train Epoch: 2 [53760/60000 (90%)]      Loss: 0.404785
Train Epoch: 2 [54400/60000 (91%)]      Loss: 0.392856
Train Epoch: 2 [55040/60000 (92%)]      Loss: 0.377592
Train Epoch: 2 [55680/60000 (93%)]      Loss: 0.510492
Train Epoch: 2 [56320/60000 (94%)]      Loss: 0.271202
Train Epoch: 2 [56960/60000 (95%)]      Loss: 0.298661
Train Epoch: 2 [57600/60000 (96%)]      Loss: 0.392307
Train Epoch: 2 [58240/60000 (97%)]      Loss: 0.586392
Train Epoch: 2 [58880/60000 (98%)]      Loss: 0.241605
Train Epoch: 2 [59520/60000 (99%)]      Loss: 0.316300

Test set: Avg. loss: 0.1958, Accuracy: 9384/10000 (94%)

Train Epoch: 3 [0/60000 (0%)]   Loss: 0.252041
Train Epoch: 3 [640/60000 (1%)] Loss: 0.394958
Train Epoch: 3 [1280/60000 (2%)]        Loss: 0.181022
Train Epoch: 3 [1920/60000 (3%)]        Loss: 0.431817
Train Epoch: 3 [2560/60000 (4%)]        Loss: 0.301264
Train Epoch: 3 [3200/60000 (5%)]        Loss: 0.270093
Train Epoch: 3 [3840/60000 (6%)]        Loss: 0.188711
Train Epoch: 3 [4480/60000 (7%)]        Loss: 0.138735
Train Epoch: 3 [5120/60000 (9%)]        Loss: 0.157872
Train Epoch: 3 [5760/60000 (10%)]       Loss: 0.144965
Train Epoch: 3 [6400/60000 (11%)]       Loss: 0.295537
Train Epoch: 3 [7040/60000 (12%)]       Loss: 0.380496
Train Epoch: 3 [7680/60000 (13%)]       Loss: 0.214837
Train Epoch: 3 [8320/60000 (14%)]       Loss: 0.388185
Train Epoch: 3 [8960/60000 (15%)]       Loss: 0.114568
Train Epoch: 3 [9600/60000 (16%)]       Loss: 0.398130
Train Epoch: 3 [10240/60000 (17%)]      Loss: 0.316738
Train Epoch: 3 [10880/60000 (18%)]      Loss: 0.170420
Train Epoch: 3 [11520/60000 (19%)]      Loss: 0.155637
Train Epoch: 3 [12160/60000 (20%)]      Loss: 0.293075
Train Epoch: 3 [12800/60000 (21%)]      Loss: 0.237007
Train Epoch: 3 [13440/60000 (22%)]      Loss: 0.402170
Train Epoch: 3 [14080/60000 (23%)]      Loss: 0.264728
Train Epoch: 3 [14720/60000 (25%)]      Loss: 0.177551
Train Epoch: 3 [15360/60000 (26%)]      Loss: 0.184730
Train Epoch: 3 [16000/60000 (27%)]      Loss: 0.377086
Train Epoch: 3 [16640/60000 (28%)]      Loss: 0.248762
Train Epoch: 3 [17280/60000 (29%)]      Loss: 0.147620
Train Epoch: 3 [17920/60000 (30%)]      Loss: 0.179835
Train Epoch: 3 [18560/60000 (31%)]      Loss: 0.196998
Train Epoch: 3 [19200/60000 (32%)]      Loss: 0.197120
Train Epoch: 3 [19840/60000 (33%)]      Loss: 0.370816
Train Epoch: 3 [20480/60000 (34%)]      Loss: 0.175224
Train Epoch: 3 [21120/60000 (35%)]      Loss: 0.180388
Train Epoch: 3 [21760/60000 (36%)]      Loss: 0.298043
Train Epoch: 3 [22400/60000 (37%)]      Loss: 0.305447
Train Epoch: 3 [23040/60000 (38%)]      Loss: 0.325484
Train Epoch: 3 [23680/60000 (39%)]      Loss: 0.313823
Train Epoch: 3 [24320/60000 (41%)]      Loss: 0.193330
Train Epoch: 3 [24960/60000 (42%)]      Loss: 0.295198
Train Epoch: 3 [25600/60000 (43%)]      Loss: 0.192998
Train Epoch: 3 [26240/60000 (44%)]      Loss: 0.318076
Train Epoch: 3 [26880/60000 (45%)]      Loss: 0.173162
Train Epoch: 3 [27520/60000 (46%)]      Loss: 0.233822
Train Epoch: 3 [28160/60000 (47%)]      Loss: 0.207816
Train Epoch: 3 [28800/60000 (48%)]      Loss: 0.155788
Train Epoch: 3 [29440/60000 (49%)]      Loss: 0.356237
Train Epoch: 3 [30080/60000 (50%)]      Loss: 0.177906
Train Epoch: 3 [30720/60000 (51%)]      Loss: 0.278886
Train Epoch: 3 [31360/60000 (52%)]      Loss: 0.287781
Train Epoch: 3 [32000/60000 (53%)]      Loss: 0.236400
Train Epoch: 3 [32640/60000 (54%)]      Loss: 0.189852
Train Epoch: 3 [33280/60000 (55%)]      Loss: 0.283979
Train Epoch: 3 [33920/60000 (57%)]      Loss: 0.333943
Train Epoch: 3 [34560/60000 (58%)]      Loss: 0.280990
Train Epoch: 3 [35200/60000 (59%)]      Loss: 0.152701
Train Epoch: 3 [35840/60000 (60%)]      Loss: 0.125961
Train Epoch: 3 [36480/60000 (61%)]      Loss: 0.314775
Train Epoch: 3 [37120/60000 (62%)]      Loss: 0.218668
Train Epoch: 3 [37760/60000 (63%)]      Loss: 0.224067
Train Epoch: 3 [38400/60000 (64%)]      Loss: 0.169975
Train Epoch: 3 [39040/60000 (65%)]      Loss: 0.289012
Train Epoch: 3 [39680/60000 (66%)]      Loss: 0.144026
Train Epoch: 3 [40320/60000 (67%)]      Loss: 0.183760
Train Epoch: 3 [40960/60000 (68%)]      Loss: 0.239928
Train Epoch: 3 [41600/60000 (69%)]      Loss: 0.323177
Train Epoch: 3 [42240/60000 (70%)]      Loss: 0.264042
Train Epoch: 3 [42880/60000 (71%)]      Loss: 0.236112
Train Epoch: 3 [43520/60000 (72%)]      Loss: 0.101035
Train Epoch: 3 [44160/60000 (74%)]      Loss: 0.190274
Train Epoch: 3 [44800/60000 (75%)]      Loss: 0.130088
Train Epoch: 3 [45440/60000 (76%)]      Loss: 0.128291
Train Epoch: 3 [46080/60000 (77%)]      Loss: 0.249178
Train Epoch: 3 [46720/60000 (78%)]      Loss: 0.236303
Train Epoch: 3 [47360/60000 (79%)]      Loss: 0.266826
Train Epoch: 3 [48000/60000 (80%)]      Loss: 0.204535
Train Epoch: 3 [48640/60000 (81%)]      Loss: 0.176036
Train Epoch: 3 [49280/60000 (82%)]      Loss: 0.396437
Train Epoch: 3 [49920/60000 (83%)]      Loss: 0.095924
Train Epoch: 3 [50560/60000 (84%)]      Loss: 0.202969
Train Epoch: 3 [51200/60000 (85%)]      Loss: 0.234314
Train Epoch: 3 [51840/60000 (86%)]      Loss: 0.228605
Train Epoch: 3 [52480/60000 (87%)]      Loss: 0.309636
Train Epoch: 3 [53120/60000 (88%)]      Loss: 0.084059
Train Epoch: 3 [53760/60000 (90%)]      Loss: 0.294309
Train Epoch: 3 [54400/60000 (91%)]      Loss: 0.221067
Train Epoch: 3 [55040/60000 (92%)]      Loss: 0.403899
Train Epoch: 3 [55680/60000 (93%)]      Loss: 0.132897
Train Epoch: 3 [56320/60000 (94%)]      Loss: 0.239710
Train Epoch: 3 [56960/60000 (95%)]      Loss: 0.065933
Train Epoch: 3 [57600/60000 (96%)]      Loss: 0.185222
Train Epoch: 3 [58240/60000 (97%)]      Loss: 0.294619
Train Epoch: 3 [58880/60000 (98%)]      Loss: 0.289140
Train Epoch: 3 [59520/60000 (99%)]      Loss: 0.159413

Test set: Avg. loss: 0.1420, Accuracy: 9555/10000 (96%)