$ python -W ignore train.py lenetSimplify2

Test set: Avg. loss: 2.3224, Accuracy: 878/10000 (9%)

Train Epoch: 1 [0/60000 (0%)]   Loss: 2.362916
Train Epoch: 1 [640/60000 (1%)] Loss: 2.198001
Train Epoch: 1 [1280/60000 (2%)]        Loss: 2.046496
Train Epoch: 1 [1920/60000 (3%)]        Loss: 1.878503
Train Epoch: 1 [2560/60000 (4%)]        Loss: 1.533147
Train Epoch: 1 [3200/60000 (5%)]        Loss: 1.512468
Train Epoch: 1 [3840/60000 (6%)]        Loss: 1.267547
Train Epoch: 1 [4480/60000 (7%)]        Loss: 1.152466
Train Epoch: 1 [5120/60000 (9%)]        Loss: 1.167392
Train Epoch: 1 [5760/60000 (10%)]       Loss: 0.903225
Train Epoch: 1 [6400/60000 (11%)]       Loss: 0.886274
Train Epoch: 1 [7040/60000 (12%)]       Loss: 0.930775
Train Epoch: 1 [7680/60000 (13%)]       Loss: 0.808933
Train Epoch: 1 [8320/60000 (14%)]       Loss: 0.998374
Train Epoch: 1 [8960/60000 (15%)]       Loss: 0.755600
Train Epoch: 1 [9600/60000 (16%)]       Loss: 0.781894
Train Epoch: 1 [10240/60000 (17%)]      Loss: 0.596714
Train Epoch: 1 [10880/60000 (18%)]      Loss: 0.832025
Train Epoch: 1 [11520/60000 (19%)]      Loss: 0.831579
Train Epoch: 1 [12160/60000 (20%)]      Loss: 0.778114
Train Epoch: 1 [12800/60000 (21%)]      Loss: 0.643797
Train Epoch: 1 [13440/60000 (22%)]      Loss: 0.645941
Train Epoch: 1 [14080/60000 (23%)]      Loss: 0.448809
Train Epoch: 1 [14720/60000 (25%)]      Loss: 0.713904
Train Epoch: 1 [15360/60000 (26%)]      Loss: 0.793227
Train Epoch: 1 [16000/60000 (27%)]      Loss: 0.755138
Train Epoch: 1 [16640/60000 (28%)]      Loss: 0.585790
Train Epoch: 1 [17280/60000 (29%)]      Loss: 0.646850
Train Epoch: 1 [17920/60000 (30%)]      Loss: 0.685323
Train Epoch: 1 [18560/60000 (31%)]      Loss: 0.513619
Train Epoch: 1 [19200/60000 (32%)]      Loss: 0.618402
Train Epoch: 1 [19840/60000 (33%)]      Loss: 0.454779
Train Epoch: 1 [20480/60000 (34%)]      Loss: 0.412617
Train Epoch: 1 [21120/60000 (35%)]      Loss: 0.625668
Train Epoch: 1 [21760/60000 (36%)]      Loss: 0.422851
Train Epoch: 1 [22400/60000 (37%)]      Loss: 0.429792
Train Epoch: 1 [23040/60000 (38%)]      Loss: 0.442913
Train Epoch: 1 [23680/60000 (39%)]      Loss: 0.699337
Train Epoch: 1 [24320/60000 (41%)]      Loss: 0.556521
Train Epoch: 1 [24960/60000 (42%)]      Loss: 0.523653
Train Epoch: 1 [25600/60000 (43%)]      Loss: 0.675992
Train Epoch: 1 [26240/60000 (44%)]      Loss: 0.561287
Train Epoch: 1 [26880/60000 (45%)]      Loss: 0.628728
Train Epoch: 1 [27520/60000 (46%)]      Loss: 0.478154
Train Epoch: 1 [28160/60000 (47%)]      Loss: 0.361406
Train Epoch: 1 [28800/60000 (48%)]      Loss: 0.361596
Train Epoch: 1 [29440/60000 (49%)]      Loss: 0.655303
Train Epoch: 1 [30080/60000 (50%)]      Loss: 0.495770
Train Epoch: 1 [30720/60000 (51%)]      Loss: 0.691329
Train Epoch: 1 [31360/60000 (52%)]      Loss: 0.308505
Train Epoch: 1 [32000/60000 (53%)]      Loss: 0.646456
Train Epoch: 1 [32640/60000 (54%)]      Loss: 0.409420
Train Epoch: 1 [33280/60000 (55%)]      Loss: 0.605040
Train Epoch: 1 [33920/60000 (57%)]      Loss: 0.565319
Train Epoch: 1 [34560/60000 (58%)]      Loss: 0.524497
Train Epoch: 1 [35200/60000 (59%)]      Loss: 0.475039
Train Epoch: 1 [35840/60000 (60%)]      Loss: 0.380167
Train Epoch: 1 [36480/60000 (61%)]      Loss: 0.335826
Train Epoch: 1 [37120/60000 (62%)]      Loss: 0.482580
Train Epoch: 1 [37760/60000 (63%)]      Loss: 0.485838
Train Epoch: 1 [38400/60000 (64%)]      Loss: 0.444814
Train Epoch: 1 [39040/60000 (65%)]      Loss: 0.426020
Train Epoch: 1 [39680/60000 (66%)]      Loss: 0.567361
Train Epoch: 1 [40320/60000 (67%)]      Loss: 0.286457
Train Epoch: 1 [40960/60000 (68%)]      Loss: 0.345422
Train Epoch: 1 [41600/60000 (69%)]      Loss: 0.317269
Train Epoch: 1 [42240/60000 (70%)]      Loss: 0.312510
Train Epoch: 1 [42880/60000 (71%)]      Loss: 0.413168
Train Epoch: 1 [43520/60000 (72%)]      Loss: 0.353453
Train Epoch: 1 [44160/60000 (74%)]      Loss: 0.667893
Train Epoch: 1 [44800/60000 (75%)]      Loss: 0.335243
Train Epoch: 1 [45440/60000 (76%)]      Loss: 0.405837
Train Epoch: 1 [46080/60000 (77%)]      Loss: 0.582726
Train Epoch: 1 [46720/60000 (78%)]      Loss: 0.417585
Train Epoch: 1 [47360/60000 (79%)]      Loss: 0.469880
Train Epoch: 1 [48000/60000 (80%)]      Loss: 0.502323
Train Epoch: 1 [48640/60000 (81%)]      Loss: 0.482648
Train Epoch: 1 [49280/60000 (82%)]      Loss: 0.480553
Train Epoch: 1 [49920/60000 (83%)]      Loss: 0.433288
Train Epoch: 1 [50560/60000 (84%)]      Loss: 0.436680
Train Epoch: 1 [51200/60000 (85%)]      Loss: 0.360657
Train Epoch: 1 [51840/60000 (86%)]      Loss: 0.578844
Train Epoch: 1 [52480/60000 (87%)]      Loss: 0.242667
Train Epoch: 1 [53120/60000 (88%)]      Loss: 0.372425
Train Epoch: 1 [53760/60000 (90%)]      Loss: 0.524071
Train Epoch: 1 [54400/60000 (91%)]      Loss: 0.398885
Train Epoch: 1 [55040/60000 (92%)]      Loss: 0.527803
Train Epoch: 1 [55680/60000 (93%)]      Loss: 0.344066
Train Epoch: 1 [56320/60000 (94%)]      Loss: 0.393274
Train Epoch: 1 [56960/60000 (95%)]      Loss: 0.417688
Train Epoch: 1 [57600/60000 (96%)]      Loss: 0.434114
Train Epoch: 1 [58240/60000 (97%)]      Loss: 0.344792
Train Epoch: 1 [58880/60000 (98%)]      Loss: 0.469706
Train Epoch: 1 [59520/60000 (99%)]      Loss: 0.362136

Test set: Avg. loss: 0.2150, Accuracy: 9352/10000 (94%)

Train Epoch: 2 [0/60000 (0%)]   Loss: 0.325689
Train Epoch: 2 [640/60000 (1%)] Loss: 0.289932
Train Epoch: 2 [1280/60000 (2%)]        Loss: 0.322311
Train Epoch: 2 [1920/60000 (3%)]        Loss: 0.527279
Train Epoch: 2 [2560/60000 (4%)]        Loss: 0.225431
Train Epoch: 2 [3200/60000 (5%)]        Loss: 0.299791
Train Epoch: 2 [3840/60000 (6%)]        Loss: 0.429300
Train Epoch: 2 [4480/60000 (7%)]        Loss: 0.368018
Train Epoch: 2 [5120/60000 (9%)]        Loss: 0.478627
Train Epoch: 2 [5760/60000 (10%)]       Loss: 0.363122
Train Epoch: 2 [6400/60000 (11%)]       Loss: 0.528840
Train Epoch: 2 [7040/60000 (12%)]       Loss: 0.244181
Train Epoch: 2 [7680/60000 (13%)]       Loss: 0.470787
Train Epoch: 2 [8320/60000 (14%)]       Loss: 0.444569
Train Epoch: 2 [8960/60000 (15%)]       Loss: 0.416555
Train Epoch: 2 [9600/60000 (16%)]       Loss: 0.381108
Train Epoch: 2 [10240/60000 (17%)]      Loss: 0.415567
Train Epoch: 2 [10880/60000 (18%)]      Loss: 0.179813
Train Epoch: 2 [11520/60000 (19%)]      Loss: 0.436001
Train Epoch: 2 [12160/60000 (20%)]      Loss: 0.284746
Train Epoch: 2 [12800/60000 (21%)]      Loss: 0.418507
Train Epoch: 2 [13440/60000 (22%)]      Loss: 0.301116
Train Epoch: 2 [14080/60000 (23%)]      Loss: 0.341895
Train Epoch: 2 [14720/60000 (25%)]      Loss: 0.306729
Train Epoch: 2 [15360/60000 (26%)]      Loss: 0.302792
Train Epoch: 2 [16000/60000 (27%)]      Loss: 0.248860
Train Epoch: 2 [16640/60000 (28%)]      Loss: 0.263911
Train Epoch: 2 [17280/60000 (29%)]      Loss: 0.327400
Train Epoch: 2 [17920/60000 (30%)]      Loss: 0.531255
Train Epoch: 2 [18560/60000 (31%)]      Loss: 0.269896
Train Epoch: 2 [19200/60000 (32%)]      Loss: 0.219830
Train Epoch: 2 [19840/60000 (33%)]      Loss: 0.370743
Train Epoch: 2 [20480/60000 (34%)]      Loss: 0.438237
Train Epoch: 2 [21120/60000 (35%)]      Loss: 0.291366
Train Epoch: 2 [21760/60000 (36%)]      Loss: 0.246510
Train Epoch: 2 [22400/60000 (37%)]      Loss: 0.284170
Train Epoch: 2 [23040/60000 (38%)]      Loss: 0.322038
Train Epoch: 2 [23680/60000 (39%)]      Loss: 0.356125
Train Epoch: 2 [24320/60000 (41%)]      Loss: 0.345360
Train Epoch: 2 [24960/60000 (42%)]      Loss: 0.226090
Train Epoch: 2 [25600/60000 (43%)]      Loss: 0.215355
Train Epoch: 2 [26240/60000 (44%)]      Loss: 0.240493
Train Epoch: 2 [26880/60000 (45%)]      Loss: 0.277264
Train Epoch: 2 [27520/60000 (46%)]      Loss: 0.259245
Train Epoch: 2 [28160/60000 (47%)]      Loss: 0.364149
Train Epoch: 2 [28800/60000 (48%)]      Loss: 0.327759
Train Epoch: 2 [29440/60000 (49%)]      Loss: 0.279284
Train Epoch: 2 [30080/60000 (50%)]      Loss: 0.268603
Train Epoch: 2 [30720/60000 (51%)]      Loss: 0.292641
Train Epoch: 2 [31360/60000 (52%)]      Loss: 0.327565
Train Epoch: 2 [32000/60000 (53%)]      Loss: 0.346948
Train Epoch: 2 [32640/60000 (54%)]      Loss: 0.248877
Train Epoch: 2 [33280/60000 (55%)]      Loss: 0.449885
Train Epoch: 2 [33920/60000 (57%)]      Loss: 0.361548
Train Epoch: 2 [34560/60000 (58%)]      Loss: 0.158565
Train Epoch: 2 [35200/60000 (59%)]      Loss: 0.524881
Train Epoch: 2 [35840/60000 (60%)]      Loss: 0.283935
Train Epoch: 2 [36480/60000 (61%)]      Loss: 0.369428
Train Epoch: 2 [37120/60000 (62%)]      Loss: 0.304610
Train Epoch: 2 [37760/60000 (63%)]      Loss: 0.366739
Train Epoch: 2 [38400/60000 (64%)]      Loss: 0.318909
Train Epoch: 2 [39040/60000 (65%)]      Loss: 0.112876
Train Epoch: 2 [39680/60000 (66%)]      Loss: 0.321868
Train Epoch: 2 [40320/60000 (67%)]      Loss: 0.299052
Train Epoch: 2 [40960/60000 (68%)]      Loss: 0.359516
Train Epoch: 2 [41600/60000 (69%)]      Loss: 0.485586
Train Epoch: 2 [42240/60000 (70%)]      Loss: 0.336763
Train Epoch: 2 [42880/60000 (71%)]      Loss: 0.413534
Train Epoch: 2 [43520/60000 (72%)]      Loss: 0.155883
Train Epoch: 2 [44160/60000 (74%)]      Loss: 0.258979
Train Epoch: 2 [44800/60000 (75%)]      Loss: 0.253848
Train Epoch: 2 [45440/60000 (76%)]      Loss: 0.208710
Train Epoch: 2 [46080/60000 (77%)]      Loss: 0.211939
Train Epoch: 2 [46720/60000 (78%)]      Loss: 0.270377
Train Epoch: 2 [47360/60000 (79%)]      Loss: 0.230358
Train Epoch: 2 [48000/60000 (80%)]      Loss: 0.307840
Train Epoch: 2 [48640/60000 (81%)]      Loss: 0.286485
Train Epoch: 2 [49280/60000 (82%)]      Loss: 0.141554
Train Epoch: 2 [49920/60000 (83%)]      Loss: 0.500478
Train Epoch: 2 [50560/60000 (84%)]      Loss: 0.321288
Train Epoch: 2 [51200/60000 (85%)]      Loss: 0.304774
Train Epoch: 2 [51840/60000 (86%)]      Loss: 0.316982
Train Epoch: 2 [52480/60000 (87%)]      Loss: 0.258230
Train Epoch: 2 [53120/60000 (88%)]      Loss: 0.339492
Train Epoch: 2 [53760/60000 (90%)]      Loss: 0.191234
Train Epoch: 2 [54400/60000 (91%)]      Loss: 0.196912
Train Epoch: 2 [55040/60000 (92%)]      Loss: 0.203617
Train Epoch: 2 [55680/60000 (93%)]      Loss: 0.344616
Train Epoch: 2 [56320/60000 (94%)]      Loss: 0.378970
Train Epoch: 2 [56960/60000 (95%)]      Loss: 0.212683
Train Epoch: 2 [57600/60000 (96%)]      Loss: 0.264193
Train Epoch: 2 [58240/60000 (97%)]      Loss: 0.515302
Train Epoch: 2 [58880/60000 (98%)]      Loss: 0.540926
Train Epoch: 2 [59520/60000 (99%)]      Loss: 0.350738

Test set: Avg. loss: 0.1232, Accuracy: 9603/10000 (96%)

Train Epoch: 3 [0/60000 (0%)]   Loss: 0.283079
Train Epoch: 3 [640/60000 (1%)] Loss: 0.254767
Train Epoch: 3 [1280/60000 (2%)]        Loss: 0.419661
Train Epoch: 3 [1920/60000 (3%)]        Loss: 0.489173
Train Epoch: 3 [2560/60000 (4%)]        Loss: 0.271053
Train Epoch: 3 [3200/60000 (5%)]        Loss: 0.114530
Train Epoch: 3 [3840/60000 (6%)]        Loss: 0.243232
Train Epoch: 3 [4480/60000 (7%)]        Loss: 0.241470
Train Epoch: 3 [5120/60000 (9%)]        Loss: 0.266898
Train Epoch: 3 [5760/60000 (10%)]       Loss: 0.201653
Train Epoch: 3 [6400/60000 (11%)]       Loss: 0.227783
Train Epoch: 3 [7040/60000 (12%)]       Loss: 0.382645
Train Epoch: 3 [7680/60000 (13%)]       Loss: 0.235921
Train Epoch: 3 [8320/60000 (14%)]       Loss: 0.427768
Train Epoch: 3 [8960/60000 (15%)]       Loss: 0.190330
Train Epoch: 3 [9600/60000 (16%)]       Loss: 0.224366
Train Epoch: 3 [10240/60000 (17%)]      Loss: 0.197300
Train Epoch: 3 [10880/60000 (18%)]      Loss: 0.166998
Train Epoch: 3 [11520/60000 (19%)]      Loss: 0.398188
Train Epoch: 3 [12160/60000 (20%)]      Loss: 0.232673
Train Epoch: 3 [12800/60000 (21%)]      Loss: 0.282752
Train Epoch: 3 [13440/60000 (22%)]      Loss: 0.161346
Train Epoch: 3 [14080/60000 (23%)]      Loss: 0.174017
Train Epoch: 3 [14720/60000 (25%)]      Loss: 0.194353
Train Epoch: 3 [15360/60000 (26%)]      Loss: 0.318773
Train Epoch: 3 [16000/60000 (27%)]      Loss: 0.283572
Train Epoch: 3 [16640/60000 (28%)]      Loss: 0.176324
Train Epoch: 3 [17280/60000 (29%)]      Loss: 0.156251
Train Epoch: 3 [17920/60000 (30%)]      Loss: 0.156718
Train Epoch: 3 [18560/60000 (31%)]      Loss: 0.231946
Train Epoch: 3 [19200/60000 (32%)]      Loss: 0.364591
Train Epoch: 3 [19840/60000 (33%)]      Loss: 0.342769
Train Epoch: 3 [20480/60000 (34%)]      Loss: 0.216023
Train Epoch: 3 [21120/60000 (35%)]      Loss: 0.160392
Train Epoch: 3 [21760/60000 (36%)]      Loss: 0.215518
Train Epoch: 3 [22400/60000 (37%)]      Loss: 0.100008
Train Epoch: 3 [23040/60000 (38%)]      Loss: 0.168624
Train Epoch: 3 [23680/60000 (39%)]      Loss: 0.264235
Train Epoch: 3 [24320/60000 (41%)]      Loss: 0.263811
Train Epoch: 3 [24960/60000 (42%)]      Loss: 0.355392
Train Epoch: 3 [25600/60000 (43%)]      Loss: 0.419863
Train Epoch: 3 [26240/60000 (44%)]      Loss: 0.225845
Train Epoch: 3 [26880/60000 (45%)]      Loss: 0.121468
Train Epoch: 3 [27520/60000 (46%)]      Loss: 0.122573
Train Epoch: 3 [28160/60000 (47%)]      Loss: 0.125944
Train Epoch: 3 [28800/60000 (48%)]      Loss: 0.160845
Train Epoch: 3 [29440/60000 (49%)]      Loss: 0.122080
Train Epoch: 3 [30080/60000 (50%)]      Loss: 0.246446
Train Epoch: 3 [30720/60000 (51%)]      Loss: 0.214528
Train Epoch: 3 [31360/60000 (52%)]      Loss: 0.137723
Train Epoch: 3 [32000/60000 (53%)]      Loss: 0.263992
Train Epoch: 3 [32640/60000 (54%)]      Loss: 0.126420
Train Epoch: 3 [33280/60000 (55%)]      Loss: 0.172844
Train Epoch: 3 [33920/60000 (57%)]      Loss: 0.185496
Train Epoch: 3 [34560/60000 (58%)]      Loss: 0.363792
Train Epoch: 3 [35200/60000 (59%)]      Loss: 0.133777
Train Epoch: 3 [35840/60000 (60%)]      Loss: 0.090375
Train Epoch: 3 [36480/60000 (61%)]      Loss: 0.312388
Train Epoch: 3 [37120/60000 (62%)]      Loss: 0.314063
Train Epoch: 3 [37760/60000 (63%)]      Loss: 0.082613
Train Epoch: 3 [38400/60000 (64%)]      Loss: 0.234868
Train Epoch: 3 [39040/60000 (65%)]      Loss: 0.238309
Train Epoch: 3 [39680/60000 (66%)]      Loss: 0.202719
Train Epoch: 3 [40320/60000 (67%)]      Loss: 0.337009
Train Epoch: 3 [40960/60000 (68%)]      Loss: 0.404719
Train Epoch: 3 [41600/60000 (69%)]      Loss: 0.132833
Train Epoch: 3 [42240/60000 (70%)]      Loss: 0.410714
Train Epoch: 3 [42880/60000 (71%)]      Loss: 0.218051
Train Epoch: 3 [43520/60000 (72%)]      Loss: 0.155133
Train Epoch: 3 [44160/60000 (74%)]      Loss: 0.204028
Train Epoch: 3 [44800/60000 (75%)]      Loss: 0.144015
Train Epoch: 3 [45440/60000 (76%)]      Loss: 0.314151
Train Epoch: 3 [46080/60000 (77%)]      Loss: 0.139943
Train Epoch: 3 [46720/60000 (78%)]      Loss: 0.182543
Train Epoch: 3 [47360/60000 (79%)]      Loss: 0.345863
Train Epoch: 3 [48000/60000 (80%)]      Loss: 0.139284
Train Epoch: 3 [48640/60000 (81%)]      Loss: 0.348668
Train Epoch: 3 [49280/60000 (82%)]      Loss: 0.248983
Train Epoch: 3 [49920/60000 (83%)]      Loss: 0.158787
Train Epoch: 3 [50560/60000 (84%)]      Loss: 0.237730
Train Epoch: 3 [51200/60000 (85%)]      Loss: 0.225085
Train Epoch: 3 [51840/60000 (86%)]      Loss: 0.115439
Train Epoch: 3 [52480/60000 (87%)]      Loss: 0.157343
Train Epoch: 3 [53120/60000 (88%)]      Loss: 0.141908
Train Epoch: 3 [53760/60000 (90%)]      Loss: 0.248617
Train Epoch: 3 [54400/60000 (91%)]      Loss: 0.182041
Train Epoch: 3 [55040/60000 (92%)]      Loss: 0.207691
Train Epoch: 3 [55680/60000 (93%)]      Loss: 0.181787
Train Epoch: 3 [56320/60000 (94%)]      Loss: 0.112556
Train Epoch: 3 [56960/60000 (95%)]      Loss: 0.126526
Train Epoch: 3 [57600/60000 (96%)]      Loss: 0.154680
Train Epoch: 3 [58240/60000 (97%)]      Loss: 0.162707
Train Epoch: 3 [58880/60000 (98%)]      Loss: 0.165993
Train Epoch: 3 [59520/60000 (99%)]      Loss: 0.080544

Test set: Avg. loss: 0.0955, Accuracy: 9717/10000 (97%)