# 
```
[-0.009868757799267769, -0.0441976860165596, -0.015034785494208336, -0.011617336422204971, 0.01208561658859253, 0.009694398380815983, -0.010939824394881725, 0.053085047751665115, -0.03823956847190857, 0.017206808552145958, -0.0013126792619004846, -0.012753165327012539, -0.060976069420576096, -0.005479875486344099, 0.030488034710288048, -0.013888993300497532, -0.0014185404870659113, -0.01910982094705105, -0.01790424808859825, 0.0017199337016791105, -0.005330424290150404, -0.03959459066390991, 0.04909968376159668, 0.008817617781460285, 0.06229123845696449, 0.0005037749069742858, 0.03118547424674034, 0.03867795690894127, -0.011796677485108376, -0.0008774027810432017, 0.014078298583626747, -0.024131380021572113, -0.009689416736364365, 0.03465273976325989, 0.021022794768214226, -0.009754178114235401, -0.021999210119247437, 0.0321618877351284, -0.04284266382455826, 0.05001631751656532, 0.017137065529823303, -0.029790597036480904, -0.02082352712750435, 0.028614914044737816, -0.0176850538700819, -0.027718206867575645, -0.023792622610926628, -0.007711679674685001, 0.01351038459688425, 0.04563241824507713, -0.04642949253320694, -0.02522735483944416, -0.03812000900506973, 0.018900588154792786, -0.023174891248345375, 0.010018208995461464, 0.011208835989236832, -0.011776750907301903, 0.018850771710276604, 0.00764691736549139, -0.029651109129190445, -0.009669489227235317, -0.008867435157299042, -0.0017199337016791105, -0.012354628182947636, -0.04065071418881416, -0.08767800778150558, 0.05344373360276222, 0.018521979451179504, -0.023274526000022888, 0.0012211404973641038, -0.016967687755823135, -0.018362564966082573, -0.014257639646530151, -0.004540824331343174, -0.006496143527328968, -0.016967687755823135, 0.012543933466076851, 0.007417758926749229, -0.01000326406210661, -0.0035170838236808777, -0.003718842752277851, -0.03042825497686863, -0.05898338928818703, -0.03959459066390991, -0.011916238814592361, -0.04212529957294464, -0.036565713584423065, 0.008852490223944187, -0.01848212629556656, -0.0024983251933008432, -0.015582773834466934, -0.02500815875828266, -0.025048013776540756, -0.021162282675504684, 0.059342071413993835, 0.04583168774843216, -0.024908525869250298, 0.009784068912267685, 0.03491178900003433, -0.05005617439746857, -0.03855839744210243, 0.040371738374233246, -0.044317249208688736, 0.00016361787857022136, -0.018691357225179672, -0.019498392939567566, -0.028475426137447357, -0.008533661253750324, 0.02449006214737892, -0.049219246953725815, -0.07926888763904572, 0.01763523556292057, 0.014088261872529984, 0.016499407589435577, -0.04770480841398239, 0.02373284287750721, 0.018551869317889214, -0.019358905032277107, -0.004443680867552757, -0.028076888993382454, -0.009654544293880463, 0.012105543166399002, -0.003766169073060155, -0.013789359480142593, 0.013052067719399929, 0.041487641632556915, 0.010870080441236496, -0.026522597298026085, -0.01171697024255991, -0.008523697033524513, 0.024211086332798004, 0.0035967910662293434, -0.05328431725502014, -0.007417758926749229, -0.029890229925513268, -0.03676498308777809, 0.005758851300925016, -0.02425093948841095, -0.06787075102329254, 0.0240317452698946, -0.04075034707784653, -0.014516688883304596, 0.001642717281356454, -0.019448576495051384, 0.030149279162287712, 0.011517702601850033, -0.007113874889910221, 0.01432738360017538, -0.022736502811312675, -0.07317128777503967, 0.023314379155635834, -0.06412450969219208, 0.03527047112584114, -0.030966278165578842, -0.031743425875902176, -0.004652912728488445, 0.020405063405632973, 0.034632813185453415, -0.027738133445382118, -0.00880267284810543, 0.03429405763745308, 0.025944720953702927, 0.041567347943782806, -0.02887396328151226, 0.037382714450359344, -0.007572191767394543, -0.008902306668460369, -0.03162386268377304, -0.036864615976810455, 0.008533661253750324, 0.028594987466931343, 0.017814576625823975, 0.0028047000523656607, 0.004797381814569235, 0.01840241812169552, -0.027857694774866104, 0.01820315048098564, -0.03271983936429024, -0.04866129532456398, 0.012603714130818844, 0.011896311305463314, -0.026741793379187584, 0.024828817695379257, 0.001188136637210846, -0.05312490463256836, -0.0005660462193191051, 0.024589696899056435, 0.039235908538103104, 0.010371910408139229, -0.023772696033120155, 0.04567227140069008, 0.021481111645698547, -0.021401405334472656, 0.015144383534789085, -0.001041799085214734, 0.0724937692284584, -0.006466253194957972, 0.0514909029006958, -0.015542919747531414, 0.0019042567582800984, -0.007651899009943008, -0.01956813782453537, -0.020215759053826332, 0.04882070794701576, 0.03331764414906502, 0.051530756056308746, -0.007024204358458519, -0.0336962528526783, -0.030189132317900658, -0.0012055726256221533, -0.0044934977777302265, 0.011059385724365711, -0.0011109202168881893, -0.04240427538752556, -0.015353615395724773, -0.018880661576986313, -0.015224090777337551, 0.0471867099404335, 0.04471578449010849, 0.06810986995697021, -0.007158710155636072, 0.01079037319868803, 0.017027467489242554, -0.02759864553809166, -0.09046776592731476, 0.05013588070869446, -0.013669799081981182, 0.004254376050084829, 0.0023090203758329153, 0.02759864553809166, -0.005529692862182856, 0.031225327402353287, -0.010212494991719723, 0.004478552844375372, -0.03156408295035362, -0.002132169669494033, -0.015383505262434483, 0.04539329558610916, 0.010700702667236328, -0.034573033452034, 0.014556542038917542, -0.012195213697850704, 0.007492484524846077, -0.03786095976829529, 0.03467266634106636, 0.0036789891310036182, 0.000327858462696895, 0.01736622303724289, 0.007896002382040024, 0.007935856468975544, 0.023692989721894264, 0.005205881781876087, -0.043639738112688065, -0.01462628599256277, 0.004747564904391766, -0.0183426383882761, 0.03459296002984047, -0.02775806002318859, 0.018541906028985977, 0.009231099858880043, -0.00725336279720068, 0.032181814312934875, 0.03919605538249016, -0.006979368627071381, -0.04734612628817558, 0.016838163137435913, 0.014407090842723846, 0.018193187192082405, 0.005043976474553347, 0.014845481142401695, -0.004314156714826822, -0.002667702967301011, -0.0008898570667952299, 0.0032181814312934875, -0.03630666807293892, -0.0164097361266613, 0.019498392939567566, 0.01665882207453251, 0.01420782320201397, 0.014008554629981518, 0.0011034476337954402, 0.04547300562262535, -0.018512016162276268, -0.039335545152425766, 0.00047762098256498575, -0.025247281417250633, -0.022597014904022217, -0.03353684023022652, -0.004608076997101307, -0.01714702881872654, -0.04678817465901375, 0.01115901954472065, -0.011736896820366383, -0.020883306860923767, -0.022198477759957314, 0.014935151673853397, 0.045194029808044434, 0.02030543051660061, 0.00018603555508889258, 0.0433209091424942, -0.038797520101070404, -0.022577088326215744, 0.013590091839432716, -0.004446171689778566, 0.04925910010933876, -0.0493786595761776, -0.01056121475994587, 0.009574837051331997, -0.01741604134440422, -0.055157437920570374, 0.02552625723183155, 0.03774139657616615, 0.008214831352233887, -0.011487811803817749, 0.017973991110920906, 0.005768814589828253, -0.01350042037665844, 0.015463212504982948, -0.0186714306473732, -0.04075034707784653, -0.03407486155629158, -0.022656794637441635, -0.012543933466076851, -0.002861989662051201, 0.014456908218562603, 0.007432703860104084, -0.0033252881839871407, -0.016290174797177315, -0.03443354368209839, 0.03726315498352051, 0.05467919632792473, 0.011129128746688366, -0.025645818561315536, -0.04694758728146553, -0.01667874865233898, -0.020375173538923264, 0.012484152801334858, -0.03788088634610176, -0.00913146510720253, -0.01989693008363247, 0.05073368549346924, 0.019737515598535538, 0.04228471219539642, 0.04619036987423897, 0.03859825059771538, 0.00572896096855402, -0.01614072360098362, -0.010013227351009846, 0.05615377798676491, 0.0042767939157783985, -0.049219246953725815, 0.049219246953725815, 0.016469517722725868, -0.009211172349750996, 0.0328194722533226, -0.050853244960308075, -0.010152715258300304, 0.04443680867552757, -0.009749196469783783, -0.030468108132481575, -0.0480634905397892, 0.015283871442079544, 0.012135433964431286, -0.01108927559107542, -0.011268616653978825, 0.0048945252783596516, -0.002160814590752125, 0.02642296440899372, 0.028076888993382454, -0.01790424808859825, -0.013789359480142593, 0.021441258490085602, 0.01703743077814579, -0.04890041798353195, 0.01351038459688425, 0.04411797970533371, -0.0060826619155704975, -0.03963444381952286, 0.05121192708611488, -0.019259272143244743, 0.0364660806953907, -0.022138698026537895, -0.029113084077835083, -0.0223180390894413, 0.0377812497317791, -0.010680776089429855, -0.012663493864238262, -0.020424989983439445, 0.01317162811756134, -0.032341230660676956, -0.04019239544868469, 0.03698417916893959, 0.0519292950630188, -0.009465239942073822, 0.021600672975182533, 0.012852799147367477, -0.02708054892718792, 0.039255835115909576, 0.018930479884147644, -0.0233741607517004, -0.004426245111972094, 0.01861165091395378, -0.04563241824507713, 0.026921134442090988, 0.040072835981845856, 0.03258034959435463, -0.004401336424052715, 0.010969714261591434, 0.025924792513251305, 0.03829934820532799, 0.0038807482924312353, 0.015373541973531246, -0.03289917856454849, 0.010451617650687695, 0.013380859978497028, 0.020723892375826836, 0.03684468939900398, -0.00128777080681175, 0.07440675050020218, 0.02478896453976631, -0.01616065204143524, -0.05954134091734886, -0.02425093948841095, 0.033736106008291245, 0.03780117630958557, 0.023473793640732765, -0.008394173346459866, -0.010152715258300304, -0.02759864553809166, 0.03875766694545746, 0.03407486155629158, -0.003930565435439348, -0.037761323153972626, 0.022417671978473663, -0.007268307730555534, 0.0056143817491829395, 0.007083984557539225, -0.009086630307137966, -0.016808273270726204, 0.021182209253311157, 0.02729974314570427, -0.022298112511634827, -0.013131774961948395, -0.03993334621191025, 0.018243003636598587, -0.08456942439079285, 0.013012213632464409, -0.019827187061309814, -0.011487811803817749, 0.01026231236755848, 0.007278271019458771, 0.00010352605750085786, 0.027359524741768837, -0.009983336552977562, -0.05009602755308151, 0.058226168155670166, 0.00808032602071762, 0.03540996089577675, 0.015313761308789253, 0.03632659465074539, -0.04925910010933876, -0.04447666183114052, 0.019478466361761093, 0.04909968376159668, -0.004545805975794792, 0.03250064328312874, -0.015214127488434315, -0.01562262699007988, -0.05109236761927605, 0.021620599552989006, 0.014576468616724014, 0.00019226268341299146, -0.02277635596692562, 0.005878412164747715, 0.007293216418474913, -0.009878721088171005, 0.0014696030411869287, 0.008792709559202194, 0.05758851021528244, -0.02098294161260128, -0.011188909411430359, -0.015244017355144024, 0.0026552488561719656, 0.025625890120863914, 0.0341346450150013, -0.01931905187666416, -0.02419115975499153, 0.009425385855138302, -0.018990259617567062, -0.011995946057140827, -0.00910157524049282, 0.06093621626496315, -0.003940528724342585, -0.020215759053826332, 0.003576864255592227, -0.04627007618546486, -0.022557159885764122, 0.007437685504555702, -0.03877759352326393, 0.033955302089452744, -0.005514747463166714, -0.01462628599256277, 0.04483534395694733, -0.01994674652814865, 0.04204558953642845, 0.005609400104731321, 0.0024447718169540167, 0.0021458694245666265, 0.010840190574526787, 0.00040632032323628664, 0.06324772536754608, 0.003825949504971504, -0.003056276123970747, -0.0022567124105989933, 0.014885335229337215, -0.006680466700345278, 0.0054051498882472515, 0.013052067719399929, 0.002196931978687644, 0.011428031139075756, 0.011677117086946964, -0.027997182682156563, 0.012005909346044064, 0.05475890263915062, -0.04045144468545914, -0.028096817433834076, 0.025546183809638023, 0.0042767939157783985, 0.024350574240088463, 0.021222064271569252, 0.002722501754760742, 0.02447013556957245, -0.0006750210304744542, -0.0622115321457386, -0.024211086332798004, -0.0005489216418936849, -0.025048013776540756, -0.03527047112584114, 0.01555288303643465, 0.027479086071252823, 0.06946489214897156, 0.03140467032790184, 0.003713861107826233, -0.017236700281500816, -0.014287530444562435, 0.0045532784424722195, -0.0016850617248564959, 0.013301152735948563, 0.019438613206148148, 0.0008468898595310748, 0.008060398511588573, -0.006341710686683655, -0.041208665817976, -0.004563241731375456, 0.020723892375826836, -0.0023414012975990772, 0.005200900137424469, 0.03566901013255119, 0.01006802637130022, -0.02217855118215084, -0.0023090203758329153, 0.004378918558359146, 0.011876384727656841, -0.017027467489242554, 0.0055695464834570885, -0.02716025523841381, -0.06460275501012802, -0.005863466765731573, -0.024370500817894936, -0.03072715736925602, 0.007995636202394962, -0.009256008081138134, 0.053842268884181976, -0.02365313656628132, 0.008703039027750492, -0.006869771517813206, 0.03548966720700264, -0.0006762664415873587, -0.003061257768422365, -0.005098775029182434, -0.009400477632880211, -0.02805696241557598, 0.007751533295959234, -0.03327779099345207, 0.019199490547180176, -0.014038444496691227, 0.010043117217719555, 0.014556542038917542, 0.005310497712343931, 0.011567519046366215, -0.004393863957375288, -0.025944720953702927, -0.01208561658859253, -0.007711679674685001, -0.023712916299700737, -0.015692371875047684, -0.03823956847190857, -0.006580832414329052, 0.019089894369244576, -0.004174668807536364, 0.0030238949693739414, -0.003193272976204753, -0.02915293723344803, 0.007482521235942841, -0.015283871442079544, 0.00010578339424682781, 0.03387559577822685, 0.011567519046366215, -0.0031708553433418274, 8.126406464725733e-05, -0.0031334925442934036, 0.01826293021440506, -0.0364660806953907, 0.03825949504971504, 0.002667702967301011, -0.0014945114962756634, 0.06735265254974365, 0.04634978249669075, 0.000220129091758281, -0.024729184806346893, -0.05356329306960106, 0.0006831163191236556, 0.011836531572043896, 0.0216604545712471, 0.012723274528980255, -0.018880661576986313, -0.008673148229718208, -0.008513733744621277, -0.028893889859318733, -0.030308693647384644, 0.027997182682156563, 0.04379915073513985, -0.024808891117572784, -0.0026303401682525873, -0.010880043730139732, 0.028913816437125206, -0.0027523920871317387, -0.008902306668460369, -0.019139710813760757, -0.03505127876996994, 0.010252349078655243, 0.008678129874169827, 0.02106264978647232, 0.03315822780132294, 0.011866421438753605, -0.02365313656628132, -0.060457974672317505, -0.005589473061263561, -0.016210468485951424, -0.015453249216079712, -0.010979677550494671, 0.017615308985114098, 0.03688454255461693, 0.019687699154019356, 0.009988319128751755, -0.0002806879347190261, -0.008020545355975628, 0.019388796761631966, 0.03650593385100365, -0.02417123317718506, -0.02136155217885971, 0.007866112515330315, -0.02076374739408493, -0.017236700281500816, -0.0073579782620072365, -0.018352601677179337, 0.04455637186765671, 0.015074639581143856, -0.0023077749647200108, -0.0510525144636631, -0.00010648394527379423, 0.0223180390894413, 0.020604332908988, -0.0027822821866720915, -0.10106883198022842, -0.008334392681717873, 0.0060228812508285046, -0.017794650048017502, 0.03080686368048191, -0.006859807763248682, 0.04945836961269379, -0.011627299711108208, -0.020923161879181862, -0.0011495284270495176, 0.01907993108034134, -0.03507120534777641, 0.020335320383310318, -0.01476577389985323, -0.029431913048028946, -0.00790596567094326, 0.007392850238829851, -0.012603714130818844, -0.0075672101229429245, 0.010082971304655075, -0.0223180390894413, 0.02618384175002575, 0.048621442168951035, 0.015572809614241123, -0.07097933441400528, -0.0008655712590552866, 0.03042825497686863, -0.031504303216934204, -0.0031085838563740253, -0.035310324281454086, 0.011039458215236664, -0.019358905032277107, 0.0044660987332463264, 0.01361001841723919, 0.019149674102663994, -0.048023637384176254, -0.05611392483115196, 0.028176523745059967, 0.010023190639913082, 0.037761323153972626, -0.03212203457951546, 0.0020275539718568325, 0.02998986467719078, -0.006112552247941494, -0.008488825522363186, -0.0328194722533226, -0.015204164199531078, 0.01595141924917698, -0.010949787683784962, -0.002667702967301011, -0.001356269232928753, -0.017973991110920906, -0.0369044728577137, -0.01432738360017538, 0.024808891117572784, -0.020205795764923096, -0.009485166519880295, 0.0037462422624230385, -0.045194029808044434, 0.01584182307124138, -0.02759864553809166, -0.0416470542550087, -0.01959802769124508, -0.015194200910627842, -0.022816209122538567, -0.002946678549051285, -0.016609005630016327, 0.031504303216934204, 0.0041572330519557, 0.025167573243379593, 0.04027210548520088, 0.023314379155635834, 0.002118470147252083, -0.018133405596017838, -0.047585245221853256, 0.006565887480974197, 0.001524401712231338, -0.023314379155635834, -0.013829213567078114, 0.010760483331978321, 0.007188600488007069, 0.007407795637845993, -0.02447013556957245, 0.020644186064600945, -0.010481507517397404, 0.028734475374221802, -0.007128819823265076, 0.009888684377074242, 0.03423427790403366, 0.016170615330338478, -0.02634325623512268, -0.012543933466076851, -0.007083984557539225, -0.03130503371357918, 0.0034473398700356483, -0.0018058681162074208, -0.03353684023022652, 0.010720629245042801, 0.020664112642407417, -0.0012915070401504636, 0.015194200910627842, -0.001127110794186592, 0.04172676056623459, -0.02253723330795765, 0.029730815440416336, -0.010909934528172016, 0.016798309981822968, 0.02359335497021675, -0.03154415637254715, 0.01859172247350216, -0.019518321380019188, -0.023792622610926628, -0.04619036987423897, -0.006227131467312574, -0.02797725610435009, 0.009166337549686432, 0.030328620225191116, 0.01324137207120657, 0.008254685439169407, 0.022517306730151176, 0.02803703583776951, 0.009843849577009678, -0.046549052000045776, 0.026682011783123016, -0.005763832945376635, -0.018880661576986313, 0.0371236652135849, -0.0015156837180256844, 0.0274591576308012, 0.006486180238425732, 0.03451325371861458, -0.07002284377813339, 0.011896311305463314, -0.02977067045867443, 0.012842835858464241, 0.014666140079498291, 0.011298507452011108, -0.01937883347272873, -0.01562262699007988, -0.044516514986753464, -0.017166955396533012, 0.012653530575335026, -0.02789754793047905, -0.03853847086429596, -0.014835517853498459, 0.006874753162264824, -0.01145792193710804, 0.014905261807143688, -0.005195918492972851, -0.02803703583776951, 0.035091131925582886, 0.039773933589458466, 0.021959355100989342, -0.024968305602669716, -0.03652586042881012, 0.02917286567389965, 0.017864394932985306, 0.012653530575335026, 0.001233594724908471, 0.019747478887438774, 0.021301770582795143, -0.014835517853498459, 0.012882689014077187, -0.015423359349370003, 0.04411797970533371, -0.010989641770720482, -0.05113222077488899, 0.033138301223516464, 0.0030762029346078634, -0.009370586834847927, 0.010282238945364952, 0.00610258849337697, -0.004072543699294329, -0.025028087198734283, 0.005474893841892481, -0.007826258428394794, 0.012215141206979752, 0.029571400955319405, -0.03339735046029091, 0.025506330654025078, 0.01446687150746584, 0.02835586480796337, 0.011806640774011612, 0.040810126811265945, -0.020365210250020027, 0.01738615147769451, -0.008443989790976048, -0.009345678612589836, 0.026901207864284515, 0.027777986600995064, -0.002610413357615471, -0.01970762573182583, 0.01796402782201767, 0.05392197519540787, -0.0353701077401638, 0.034035008400678635, 0.027499012649059296, -0.08162025362253189, 0.0004446171806193888, 0.01555288303643465, 0.03788088634610176, -0.0027847732417285442, 0.056950852274894714, 0.04084997996687889, -0.05069383233785629, 0.012892652302980423, -0.023274526000022888, 0.0024634532164782286, -0.056432753801345825, -0.0437592975795269, 4.179961979389191e-05, 0.01905003935098648, 0.04272310435771942, 0.01600123755633831, 0.00315341935493052, -0.008608385920524597, -0.043121639639139175, 0.0058435401879251, -0.038956932723522186, -0.017844468355178833, 0.044078126549720764, -0.0027922457084059715, 0.03937539830803871, 0.03088657185435295, -0.040810126811265945, -0.0150248222053051, -0.007093947846442461, -0.034712519496679306, -0.0600992888212204, 0.0183426383882761, 0.04722656309604645, 0.012514043599367142, 0.03521069139242172, -0.003850857960060239, 0.0063765826635062695, -0.04443680867552757, -0.029372133314609528, -0.013101884163916111, -0.010312129743397236, 0.011487811803817749, 0.01294246967881918, 0.006745228543877602, -0.005564564373344183, -0.005534674506634474, -0.0034672666806727648, 0.010800336487591267, -0.039475031197071075, 0.0055944547057151794, -0.005225808825343847, -0.0067003932781517506, 0.0026427945122122765, -0.036266811192035675, -0.02419115975499153, -0.019558174535632133, -0.013360933400690556, 0.024450208991765976, -0.030328620225191116, 0.008309484459459782, 0.003006458980962634, 0.03941525146365166, 0.006047789938747883, 0.04834246635437012, -0.014476834796369076, -0.04399842023849487, 0.0009670734871178865, 0.009011904709041119, -0.008727947250008583, 0.023254599422216415, 0.0068647894077003, -0.024729184806346893, 0.0029790597036480904, 0.032102108001708984, 0.031803205609321594, -0.013928847387433052, 0.007447649259120226, 0.0013288698391988873, -0.027479086071252823, 0.03465273976325989, 0.04447666183114052, -0.003345214994624257, -0.013141738250851631, 0.026084206998348236, 0.005574528127908707, -0.021002868190407753, 0.009818940423429012, -0.01324137207120657, -0.011039458215236664, -0.017764760181307793, 0.010780409909784794, -0.025944720953702927, -0.043480321764945984, 0.008254685439169407, -0.023015476763248444, -0.0033277790062129498, 0.00873791053891182, 0.0371236652135849, -0.015692371875047684, 0.005723979324102402, -0.045353442430496216, 0.03527047112584114, -0.003148437710478902, 0.008304502815008163, 0.026921134442090988, 0.004740092437714338, 0.01967773586511612, 0.01755552925169468, 0.005469912197440863, -0.01606101728975773, -0.004994159564375877, -0.04084997996687889, 0.013410749845206738, -0.011766787618398666, -0.034493327140808105, 0.022039063274860382, -0.001650189864449203, -0.007293216418474913, 0.03935547173023224, -0.004672839306294918, -0.035589300096035004, -0.008005600422620773, 0.01472591981291771, -0.02441035397350788, -0.017834505066275597, 0.017924174666404724, 0.017784686759114265, 0.015493102371692657, 0.013440640643239021, 0.03124525398015976, 0.03883737325668335, -0.030149279162287712, -0.009649562649428844, 0.03796059265732765, -0.016648858785629272, -0.017764760181307793, 0.03465273976325989, 0.012005909346044064, -0.0027349560987204313, 0.05842543765902519, 0.0510525144636631, 0.010342019610106945, 0.026980914175510406, 0.015014858916401863, 0.021540893241763115, -0.020664112642407417, -0.027499012649059296, 0.03393537551164627, -0.00240118196234107, -0.010212494991719723, -0.0005511011113412678, 0.031663715839385986, -0.007910947315394878, -0.020943088456988335, -0.0011476603103801608, 0.013091920875012875, -0.007338051684200764, 0.0029018432833254337, -0.006969405338168144, -0.0037960591726005077, -0.0010125315748155117, -0.0037462422624230385, 0.04694758728146553, 0.015074639581143856, 0.011298507452011108, 0.014357274398207664, -0.007218490820378065, -0.046469345688819885, -0.014158005826175213, 0.047067150473594666, 0.0016850617248564959, 0.015542919747531414, -0.021859722211956978, -0.016320066526532173, -0.011547592468559742, 0.02082352712750435, 0.016180578619241714, 0.0019030113471671939, 0.0005458080559037626, 0.02179994061589241, 0.0020723892375826836, 0.0476251021027565, 0.02373284287750721, -0.02179994061589241, 0.024868670850992203, 0.06181299686431885, -0.03393537551164627, -0.009789050556719303, -0.008379227481782436, 0.016937797889113426, 0.012972360476851463, 0.019289162009954453, -0.03929568827152252, 0.039315614849328995, 0.01164722628891468, 0.06747221201658249, 0.013450603932142258, 0.018193187192082405, -0.021680381149053574, -0.004916943144053221, 0.017326369881629944, 0.015034785494208336, 0.05380241572856903, -0.012783055193722248, 0.016559187322854996, -0.048462025821208954, -0.003183309454470873, -0.01208561658859253, 0.0006146178930066526, -0.043121639639139175, -0.009410440921783447, 0.029890229925513268, 0.049896758049726486, -0.013978664763271809, -0.030527887865900993, 0.034413617104291916, 0.016728565096855164, -0.0019540737848728895, -0.007263326086103916, 0.0022691667545586824, 0.0023538556415587664, 0.005036504007875919, -0.009883702732622623, 0.00031524852965958416, 0.045951247215270996, 0.006535997148603201, -0.018462199717760086, 0.03230137750506401, 0.00154806487262249, -0.022377818822860718, -0.03590812906622887, -0.04714685678482056, -0.013879030011594296, -0.007009258959442377, -0.019259272143244743, 0.0019877003505825996, 0.004742583259940147, 0.01543332263827324, 0.02291584387421608, -0.004209540784358978, -0.030308693647384644, 0.006984350737184286, 0.047664955258369446, -0.030488034710288048, 0.021082576364278793, 0.025167573243379593, 0.039475031197071075, -0.0026502672117203474, -0.017625272274017334, -0.0023501194082200527, 0.019558174535632133, -0.006252039689570665, 0.022258257493376732, 0.054121244698762894, 0.006237094756215811, 0.004481043666601181, -0.008443989790976048, 0.0017934137722477317, 0.004408808890730143, 0.0005567055195569992, -0.02470925636589527, 0.0006532261031679809, -0.03987356647849083, -0.015154346823692322, -0.006859807763248682, -0.013380859978497028, 0.02634325623512268, 0.004122361075133085, -0.02700084075331688, 0.008329411037266254, -0.014108188450336456, 0.001881839125417173, 0.06535997241735458, 0.020295467227697372, 0.021520966663956642, -0.0016439626924693584, -0.020564477890729904, -0.009903629310429096, -0.061414461582899094, 0.05129163712263107, -0.06707368046045303, -0.016858089715242386, -0.02737945131957531, 0.01145792193710804, 0.0022616940550506115, 0.006680466700345278, -0.02277635596692562, 0.058784119784832, 0.021919501945376396, 0.019099857658147812, -0.014427018351852894, -0.014715956524014473, -0.021540893241763115, 0.017027467489242554, 0.018272893503308296, 0.05647260695695877, -0.02723996341228485, -0.029710888862609863, 0.0137295788154006, 0.021919501945376396, 0.0033078521955758333, 0.020743820816278458, 0.039534810930490494, 0.0040849982760846615, -0.016559187322854996, -0.02106264978647232, 0.018063662573695183, 0.006999295670539141, 0.00953996554017067, 0.017794650048017502, -0.008847508579492569, -0.001742351334542036, -0.004538333509117365, -0.006341710686683655, 0.017376188188791275, -0.02357342839241028, 0.016459554433822632, -0.026921134442090988, -0.006511088460683823, 0.014177932403981686, -0.006052771583199501, -0.025685671716928482, 0.006012917961925268, 0.015612663701176643, -0.027040695771574974, 0.0398934930562973, -0.012822909280657768, -0.01643962599337101, 0.01967773586511612, -0.005644272081553936, 0.0013687234604731202, -0.006451308261603117, -0.009071685373783112, 0.014526652172207832, 0.009345678612589836, 0.035230617970228195, -0.015263943932950497, 0.028535205870866776, 0.008055416867136955, -0.0018668939592316747, -0.022258257493376732, 0.004872107412666082, 0.005280607379972935, 0.008673148229718208, 0.028017109259963036, -0.014945114962756634, 0.021859722211956978, -0.04015254229307175, -0.005589473061263561, 0.017156992107629776, -0.00184198550414294, -0.0010710665956139565, -0.016320066526532173, 0.033377423882484436, -0.03696425259113312, -0.01741604134440422, 0.02977067045867443, -0.0026826481334865093, 0.02805696241557598, -0.021839795634150505, 0.005938192363828421, -0.019996564835309982, -0.023095184937119484, 0.008593440987169743, -0.008249703794717789, 0.009490148164331913, 0.027399377897381783, 0.013360933400690556, 0.021022794768214226, -0.002675175666809082, -0.02462955005466938, 0.012812945060431957, 0.020604332908988, -0.010660848580300808, -0.010451617650687695, -0.0004869616823270917, -0.04240427538752556, -0.025805233046412468, 0.0012802982237190008, 0.007437685504555702, 0.005778777878731489, -0.048183050006628036, -0.0038309311494231224, 0.02909315750002861, -0.017764760181307793, 0.02114235609769821, 0.028754401952028275, -0.0008431535679847002, 0.04272310435771942, -0.012354628182947636, -0.02887396328151226, -0.00930582545697689, -0.009599745273590088, -0.03742256760597229, -0.007472557481378317, -0.00866816658526659, 0.00797570962458849, 0.0015194200677797198, 0.0016078453045338392, -0.007821276783943176, 0.00471518374979496, -0.018432307988405228, 0.01736622303724289, -0.009644581004977226, -0.031145619228482246, 0.04439695551991463, 0.0058036865666508675, 0.0002774187014438212, -0.012075653299689293, 0.0210427213460207, -0.0015381014673039317, -0.036127325147390366, -0.013879030011594296, 0.03584834933280945, 0.03728308156132698, 0.022158624604344368, 0.020444918423891068, 0.03252056986093521, 0.02879425510764122, -0.006296875420957804, 0.002315247431397438, -0.022078916430473328, -0.016150688752532005, 0.00920120906084776, -0.020444918423891068, 0.008145087398588657, -0.008259667083621025, 0.007602082099765539, 0.011069349013268948, -0.05073368549346924, -0.002525724470615387, -0.021819869056344032, -0.0047899093478918076, -0.02142133191227913, -0.003190782153978944, 0.0002564021269790828, -0.041208665817976, -0.005310497712343931, 0.013600055128335953, 0.017435967922210693, -0.044078126549720764, -0.005604417994618416, -0.014237713068723679, -0.039534810930490494, -0.005943174008280039, -0.006765155587345362, 0.024908525869250298, 0.01589163951575756, -0.03042825497686863, -0.027140328660607338, -0.033516909927129745, -0.033516909927129745, 0.00206865300424397, 0.028096817433834076, 0.0029392060823738575, 0.022716574370861053, 0.02753886580467224, -0.007886039093136787, -0.040810126811265945, 0.007093947846442461, 0.02417123317718506, 0.0007815049611963332, -0.017276553437113762, -0.02514764666557312, 0.01923934556543827, -0.03578856959939003, 0.007756514940410852, -0.0017336333403363824, -0.005494820885360241, 0.01848212629556656, 0.008294538594782352, -0.023473793640732765, -0.00953996554017067, 0.017675088718533516, -0.026801573112607002, 0.026741793379187584, -0.0066555580124258995, 0.008488825522363186, -0.02193942852318287, 0.012633603997528553, 0.02305533178150654, 0.018432307988405228, 0.025625890120863914, 0.0010442899074405432, -0.025386769324541092, -0.02321474626660347, -0.018800955265760422, 0.011059385724365711, 0.0016788345528766513, -0.018282856792211533, -0.00030948841595090926, 0.04084997996687889, -0.01052136067301035, -0.022138698026537895, -0.0006569623365066946, -0.013012213632464409, 0.014935151673853397, -0.012743202038109303, -0.02544654905796051, -0.007313142996281385, 0.002404918195679784, -0.005948155652731657, 0.012484152801334858, 0.034573033452034, 0.007178637199103832, 0.005166028160601854, 0.01413807924836874, -0.005878412164747715, -0.012454262934625149, 0.03688454255461693, -0.0015991273103281856, 0.04710700362920761, 0.010053080506622791, 0.004680311772972345, 0.017346296459436417, -0.0009795277146622539, 0.014337346889078617, 0.02849535271525383, -0.02357342839241028, 0.014158005826175213, -0.005669180303812027, 0.008757837116718292, -0.035828422755002975, 0.00476250983774662, 0.006237094756215811, 0.06316801905632019, 0.012215141206979752, -0.005076357629150152, -0.0334770567715168, 0.0012728256406262517, -0.007482521235942841, 0.044675931334495544, -0.02367306314408779, 0.009106556884944439, -0.01446687150746584, 0.024071598425507545, -0.005494820885360241, -0.016051054000854492, -0.021022794768214226, 0.010919897817075253, -0.041766613721847534, 0.039036642760038376, -0.02397196553647518, 0.003484702669084072, 0.010620995424687862, 0.015612663701176643, 0.01831274852156639, -0.050335146486759186, -0.023613281548023224, 0.02076374739408493, -0.024011818692088127, 0.03660557046532631, 0.002262939466163516, -0.027857694774866104, -0.007542301435023546, -0.008239740505814552, -0.015094566158950329, -0.008703039027750492, 0.02977067045867443, -0.004707711283117533, 0.0001344281918136403, 0.018442271277308464, 0.02134162373840809, 0.004513424821197987, 0.005763832945376635, 0.0336962528526783, 0.006012917961925268, 0.019338978454470634, -0.009868757799267769, 0.006959442049264908, -0.015134420245885849, -0.019279198721051216, -0.031504303216934204, 0.02797725610435009, -0.0031633826438337564, -0.0017012523021548986, 0.034413617104291916, 0.03578856959939003, 0.02114235609769821, 0.036187104880809784, 0.032102108001708984, 0.04188617691397667, -0.02462955005466938, -0.0034971570130437613, -0.00924106314778328, 0.03387559577822685, -0.011447958648204803, 0.024908525869250298, -0.004224485717713833, 0.0015779550885781646, 0.002178250579163432, 0.0220988430082798, 0.005549619439989328, 0.006441344507038593, 0.029571400955319405, -0.01823304034769535, 0.005968082696199417, 0.008030508644878864, 0.03935547173023224, -0.00983886793255806, -0.03592805564403534, 0.027100475504994392, 0.024888599291443825, 0.02811674401164055, 0.038060225546360016, 0.025326987728476524, 0.026881281286478043, -0.009340696968138218, 0.0200563445687294, 0.02664215862751007, 0.015851786360144615, 0.009280916303396225, 0.03965437412261963, -0.01052136067301035, -0.03214196115732193, -0.01586174964904785, -0.05001631751656532, -0.023832477629184723, 0.008125160820782185, -0.021919501945376396, -0.036565713584423065, 0.001668871147558093, 0.012733237817883492, 0.019667772576212883, -0.028296085074543953, -0.01565251685678959, 0.005195918492972851, 0.005499802529811859, -0.011667152866721153, 0.009465239942073822, 0.0013413240667432547, -0.0043191383592784405, -0.020664112642407417, 0.003982873167842627, -0.013071994297206402, 0.018651504069566727, -0.0008836299530230463, 0.028774328529834747, 0.0071836188435554504, -0.010890007019042969, -0.0166289322078228, -0.04455637186765671, -0.017615308985114098, -0.01823304034769535, 0.01432738360017538, 0.01706732250750065, 0.01945853978395462, -0.002360082697123289, 0.025028087198734283, -0.009913593530654907, -0.012822909280657768, 0.036286741495132446, 0.036346521228551865, 0.01432738360017538, 0.027120402082800865, -0.014038444496691227, 0.016917871311306953, 0.018810918554663658, 0.006052771583199501, 0.016987614333629608, 0.004697747994214296, 0.005863466765731573, 0.026024427264928818]
[
  -0.009868757799267769,
  -0.0441976860165596,
  -0.015034785494208336,
  -0.011617336422204971,
  0.01208561658859253,
  0.009694398380815983,
  -0.010939824394881725,
  0.053085047751665115,
  -0.03823956847190857,
  0.017206808552145958,
  -0.0013126792619004846,
  -0.012753165327012539,
  -0.060976069420576096,
  -0.005479875486344099,
  0.030488034710288048,
  -0.013888993300497532,
  -0.0014185404870659113,
  -0.01910982094705105,
  -0.01790424808859825,
  0.0017199337016791105,
  -0.005330424290150404,
  -0.03959459066390991,
  0.04909968376159668,
  0.008817617781460285,
  0.06229123845696449,
  0.0005037749069742858,
  0.03118547424674034,
  0.03867795690894127,
  -0.011796677485108376,
  -0.0008774027810432017,
  0.014078298583626747,
  -0.024131380021572113,
  -0.009689416736364365,
  0.03465273976325989,
  0.021022794768214226,
  -0.009754178114235401,
  -0.021999210119247437,
  0.0321618877351284,
  -0.04284266382455826,
  0.05001631751656532,
  0.017137065529823303,
  -0.029790597036480904,
  -0.02082352712750435,
  0.028614914044737816,
  -0.0176850538700819,
  -0.027718206867575645,
  -0.023792622610926628,
  -0.007711679674685001,
  0.01351038459688425,
  0.04563241824507713,
  -0.04642949253320694,
  -0.02522735483944416,
  -0.03812000900506973,
  0.018900588154792786,
  -0.023174891248345375,
  0.010018208995461464,
  0.011208835989236832,
  -0.011776750907301903,
  0.018850771710276604,
  0.00764691736549139,
  -0.029651109129190445,
  -0.009669489227235317,
  -0.008867435157299042,
  -0.0017199337016791105,
  -0.012354628182947636,
  -0.04065071418881416,
  -0.08767800778150558,
  0.05344373360276222,
  0.018521979451179504,
  -0.023274526000022888,
  0.0012211404973641038,
  -0.016967687755823135,
  -0.018362564966082573,
  -0.014257639646530151,
  -0.004540824331343174,
  -0.006496143527328968,
  -0.016967687755823135,
  0.012543933466076851,
  0.007417758926749229,
  -0.01000326406210661,
  -0.0035170838236808777,
  -0.003718842752277851,
  -0.03042825497686863,
  -0.05898338928818703,
  -0.03959459066390991,
  -0.011916238814592361,
  -0.04212529957294464,
  -0.036565713584423065,
  0.008852490223944187,
  -0.01848212629556656,
  -0.0024983251933008432,
  -0.015582773834466934,
  -0.02500815875828266,
  -0.025048013776540756,
  -0.021162282675504684,
  0.059342071413993835,
  0.04583168774843216,
  -0.024908525869250298,
  0.009784068912267685,
  0.03491178900003433,
  -0.05005617439746857,
  -0.03855839744210243,
  0.040371738374233246,
  -0.044317249208688736,
  0.00016361787857022136,
  -0.018691357225179672,
  -0.019498392939567566,
  -0.028475426137447357,
  -0.008533661253750324,
  0.02449006214737892,
  -0.049219246953725815,
  -0.07926888763904572,
  0.01763523556292057,
  0.014088261872529984,
  0.016499407589435577,
  -0.04770480841398239,
  0.02373284287750721,
  0.018551869317889214,
  -0.019358905032277107,
  -0.004443680867552757,
  -0.028076888993382454,
  -0.009654544293880463,
  0.012105543166399002,
  -0.003766169073060155,
  -0.013789359480142593,
  0.013052067719399929,
  0.041487641632556915,
  0.010870080441236496,
  -0.026522597298026085,
  -0.01171697024255991,
  -0.008523697033524513,
  0.024211086332798004,
  0.0035967910662293434,
  -0.05328431725502014,
  -0.007417758926749229,
  -0.029890229925513268,
  -0.03676498308777809,
  0.005758851300925016,
  -0.02425093948841095,
  -0.06787075102329254,
  0.0240317452698946,
  -0.04075034707784653,
  -0.014516688883304596,
  0.001642717281356454,
  -0.019448576495051384,
  0.030149279162287712,
  0.011517702601850033,
  -0.007113874889910221,
  0.01432738360017538,
  -0.022736502811312675,
  -0.07317128777503967,
  0.023314379155635834,
  -0.06412450969219208,
  0.03527047112584114,
  -0.030966278165578842,
  -0.031743425875902176,
  -0.004652912728488445,
  0.020405063405632973,
  0.034632813185453415,
  -0.027738133445382118,
  -0.00880267284810543,
  0.03429405763745308,
  0.025944720953702927,
  0.041567347943782806,
  -0.02887396328151226,
  0.037382714450359344,
  -0.007572191767394543,
  -0.008902306668460369,
  -0.03162386268377304,
  -0.036864615976810455,
  0.008533661253750324,
  0.028594987466931343,
  0.017814576625823975,
  0.0028047000523656607,
  0.004797381814569235,
  0.01840241812169552,
  -0.027857694774866104,
  0.01820315048098564,
  -0.03271983936429024,
  -0.04866129532456398,
  0.012603714130818844,
  0.011896311305463314,
  -0.026741793379187584,
  0.024828817695379257,
  0.001188136637210846,
  -0.05312490463256836,
  -0.0005660462193191051,
  0.024589696899056435,
  0.039235908538103104,
  0.010371910408139229,
  -0.023772696033120155,
  0.04567227140069008,
  0.021481111645698547,
  -0.021401405334472656,
  0.015144383534789085,
  -0.001041799085214734,
  0.0724937692284584,
  -0.006466253194957972,
  0.0514909029006958,
  -0.015542919747531414,
  0.0019042567582800984,
  -0.007651899009943008,
  -0.01956813782453537,
  -0.020215759053826332,
  0.04882070794701576,
  0.03331764414906502,
  0.051530756056308746,
  -0.007024204358458519,
  -0.0336962528526783,
  -0.030189132317900658,
  -0.0012055726256221533,
  -0.0044934977777302265,
  0.011059385724365711,
  -0.0011109202168881893,
  -0.04240427538752556,
  -0.015353615395724773,
  -0.018880661576986313,
  -0.015224090777337551,
  0.0471867099404335,
  0.04471578449010849,
  0.06810986995697021,
  -0.007158710155636072,
  0.01079037319868803,
  0.017027467489242554,
  -0.02759864553809166,
  -0.09046776592731476,
  0.05013588070869446,
  -0.013669799081981182,
  0.004254376050084829,
  0.0023090203758329153,
  0.02759864553809166,
  -0.005529692862182856,
  0.031225327402353287,
  -0.010212494991719723,
  0.004478552844375372,
  -0.03156408295035362,
  -0.002132169669494033,
  -0.015383505262434483,
  0.04539329558610916,
  0.010700702667236328,
  -0.034573033452034,
  0.014556542038917542,
  -0.012195213697850704,
  0.007492484524846077,
  -0.03786095976829529,
  0.03467266634106636,
  0.0036789891310036182,
  0.000327858462696895,
  0.01736622303724289,
  0.007896002382040024,
  0.007935856468975544,
  0.023692989721894264,
  0.005205881781876087,
  -0.043639738112688065,
  -0.01462628599256277,
  0.004747564904391766,
  -0.0183426383882761,
  0.03459296002984047,
  -0.02775806002318859,
  0.018541906028985977,
  0.009231099858880043,
  -0.00725336279720068,
  0.032181814312934875,
  0.03919605538249016,
  -0.006979368627071381,
  -0.04734612628817558,
  0.016838163137435913,
  0.014407090842723846,
  0.018193187192082405,
  0.005043976474553347,
  0.014845481142401695,
  -0.004314156714826822,
  -0.002667702967301011,
  -0.0008898570667952299,
  0.0032181814312934875,
  -0.03630666807293892,
  -0.0164097361266613,
  0.019498392939567566,
  0.01665882207453251,
  0.01420782320201397,
  0.014008554629981518,
  0.0011034476337954402,
  0.04547300562262535,
  -0.018512016162276268,
  -0.039335545152425766,
  0.00047762098256498575,
  -0.025247281417250633,
  -0.022597014904022217,
  -0.03353684023022652,
  -0.004608076997101307,
  -0.01714702881872654,
  -0.04678817465901375,
  0.01115901954472065,
  -0.011736896820366383,
  -0.020883306860923767,
  -0.022198477759957314,
  0.014935151673853397,
  0.045194029808044434,
  0.02030543051660061,
  0.00018603555508889258,
  0.0433209091424942,
  -0.038797520101070404,
  -0.022577088326215744,
  0.013590091839432716,
  -0.004446171689778566,
  0.04925910010933876,
  -0.0493786595761776,
  -0.01056121475994587,
  0.009574837051331997,
  -0.01741604134440422,
  -0.055157437920570374,
  0.02552625723183155,
  0.03774139657616615,
  0.008214831352233887,
  -0.011487811803817749,
  0.017973991110920906,
  0.005768814589828253,
  -0.01350042037665844,
  0.015463212504982948,
  -0.0186714306473732,
  -0.04075034707784653,
  -0.03407486155629158,
  -0.022656794637441635,
  -0.012543933466076851,
  -0.002861989662051201,
  0.014456908218562603,
  0.007432703860104084,
  -0.0033252881839871407,
  -0.016290174797177315,
  -0.03443354368209839,
  0.03726315498352051,
  0.05467919632792473,
  0.011129128746688366,
  -0.025645818561315536,
  -0.04694758728146553,
  -0.01667874865233898,
  -0.020375173538923264,
  0.012484152801334858,
  -0.03788088634610176,
  -0.00913146510720253,
  -0.01989693008363247,
  0.05073368549346924,
  0.019737515598535538,
  0.04228471219539642,
  0.04619036987423897,
  0.03859825059771538,
  0.00572896096855402,
  -0.01614072360098362,
  -0.010013227351009846,
  0.05615377798676491,
  0.0042767939157783985,
  -0.049219246953725815,
  0.049219246953725815,
  0.016469517722725868,
  -0.009211172349750996,
  0.0328194722533226,
  -0.050853244960308075,
  -0.010152715258300304,
  0.04443680867552757,
  -0.009749196469783783,
  -0.030468108132481575,
  -0.0480634905397892,
  0.015283871442079544,
  0.012135433964431286,
  -0.01108927559107542,
  -0.011268616653978825,
  0.0048945252783596516,
  -0.002160814590752125,
  0.02642296440899372,
  0.028076888993382454,
  -0.01790424808859825,
  -0.013789359480142593,
  0.021441258490085602,
  0.01703743077814579,
  -0.04890041798353195,
  0.01351038459688425,
  0.04411797970533371,
  -0.0060826619155704975,
  -0.03963444381952286,
  0.05121192708611488,
  -0.019259272143244743,
  0.0364660806953907,
  -0.022138698026537895,
  -0.029113084077835083,
  -0.0223180390894413,
  0.0377812497317791,
  -0.010680776089429855,
  -0.012663493864238262,
  -0.020424989983439445,
  0.01317162811756134,
  -0.032341230660676956,
  -0.04019239544868469,
  0.03698417916893959,
  0.0519292950630188,
  -0.009465239942073822,
  0.021600672975182533,
  0.012852799147367477,
  -0.02708054892718792,
  0.039255835115909576,
  0.018930479884147644,
  -0.0233741607517004,
  -0.004426245111972094,
  0.01861165091395378,
  -0.04563241824507713,
  0.026921134442090988,
  0.040072835981845856,
  0.03258034959435463,
  -0.004401336424052715,
  0.010969714261591434,
  0.025924792513251305,
  0.03829934820532799,
  0.0038807482924312353,
  0.015373541973531246,
  -0.03289917856454849,
  0.010451617650687695,
  0.013380859978497028,
  0.020723892375826836,
  0.03684468939900398,
  -0.00128777080681175,
  0.07440675050020218,
  0.02478896453976631,
  -0.01616065204143524,
  -0.05954134091734886,
  -0.02425093948841095,
  0.033736106008291245,
  0.03780117630958557,
  0.023473793640732765,
  -0.008394173346459866,
  -0.010152715258300304,
  -0.02759864553809166,
  0.03875766694545746,
  0.03407486155629158,
  -0.003930565435439348,
  -0.037761323153972626,
  0.022417671978473663,
  -0.007268307730555534,
  0.0056143817491829395,
  0.007083984557539225,
  -0.009086630307137966,
  -0.016808273270726204,
  0.021182209253311157,
  0.02729974314570427,
  -0.022298112511634827,
  -0.013131774961948395,
  -0.03993334621191025,
  0.018243003636598587,
  -0.08456942439079285,
  0.013012213632464409,
  -0.019827187061309814,
  -0.011487811803817749,
  0.01026231236755848,
  0.007278271019458771,
  0.00010352605750085786,
  0.027359524741768837,
  -0.009983336552977562,
  -0.05009602755308151,
  0.058226168155670166,
  0.00808032602071762,
  0.03540996089577675,
  0.015313761308789253,
  0.03632659465074539,
  -0.04925910010933876,
  -0.04447666183114052,
  0.019478466361761093,
  0.04909968376159668,
  -0.004545805975794792,
  0.03250064328312874,
  -0.015214127488434315,
  -0.01562262699007988,
  -0.05109236761927605,
  0.021620599552989006,
  0.014576468616724014,
  0.00019226268341299146,
  -0.02277635596692562,
  0.005878412164747715,
  0.007293216418474913,
  -0.009878721088171005,
  0.0014696030411869287,
  0.008792709559202194,
  0.05758851021528244,
  -0.02098294161260128,
  -0.011188909411430359,
  -0.015244017355144024,
  0.0026552488561719656,
  0.025625890120863914,
  0.0341346450150013,
  -0.01931905187666416,
  -0.02419115975499153,
  0.009425385855138302,
  -0.018990259617567062,
  -0.011995946057140827,
  -0.00910157524049282,
  0.06093621626496315,
  -0.003940528724342585,
  -0.020215759053826332,
  0.003576864255592227,
  -0.04627007618546486,
  -0.022557159885764122,
  0.007437685504555702,
  -0.03877759352326393,
  0.033955302089452744,
  -0.005514747463166714,
  -0.01462628599256277,
  0.04483534395694733,
  -0.01994674652814865,
  0.04204558953642845,
  0.005609400104731321,
  0.0024447718169540167,
  0.0021458694245666265,
  0.010840190574526787,
  0.00040632032323628664,
  0.06324772536754608,
  0.003825949504971504,
  -0.003056276123970747,
  -0.0022567124105989933,
  0.014885335229337215,
  -0.006680466700345278,
  0.0054051498882472515,
  0.013052067719399929,
  0.002196931978687644,
  0.011428031139075756,
  0.011677117086946964,
  -0.027997182682156563,
  0.012005909346044064,
  0.05475890263915062,
  -0.04045144468545914,
  -0.028096817433834076,
  0.025546183809638023,
  0.0042767939157783985,
  0.024350574240088463,
  0.021222064271569252,
  0.002722501754760742,
  0.02447013556957245,
  -0.0006750210304744542,
  -0.0622115321457386,
  -0.024211086332798004,
  -0.0005489216418936849,
  -0.025048013776540756,
  -0.03527047112584114,
  0.01555288303643465,
  0.027479086071252823,
  0.06946489214897156,
  0.03140467032790184,
  0.003713861107826233,
  -0.017236700281500816,
  -0.014287530444562435,
  0.0045532784424722195,
  -0.0016850617248564959,
  0.013301152735948563,
  0.019438613206148148,
  0.0008468898595310748,
  0.008060398511588573,
  -0.006341710686683655,
  -0.041208665817976,
  -0.004563241731375456,
  0.020723892375826836,
  -0.0023414012975990772,
  0.005200900137424469,
  0.03566901013255119,
  0.01006802637130022,
  -0.02217855118215084,
  -0.0023090203758329153,
  0.004378918558359146,
  0.011876384727656841,
  -0.017027467489242554,
  0.0055695464834570885,
  -0.02716025523841381,
  -0.06460275501012802,
  -0.005863466765731573,
  -0.024370500817894936,
  -0.03072715736925602,
  0.007995636202394962,
  -0.009256008081138134,
  0.053842268884181976,
  -0.02365313656628132,
  0.008703039027750492,
  -0.006869771517813206,
  0.03548966720700264,
  -0.0006762664415873587,
  -0.003061257768422365,
  -0.005098775029182434,
  -0.009400477632880211,
  -0.02805696241557598,
  0.007751533295959234,
  -0.03327779099345207,
  0.019199490547180176,
  -0.014038444496691227,
  0.010043117217719555,
  0.014556542038917542,
  0.005310497712343931,
  0.011567519046366215,
  -0.004393863957375288,
  -0.025944720953702927,
  -0.01208561658859253,
  -0.007711679674685001,
  -0.023712916299700737,
  -0.015692371875047684,
  -0.03823956847190857,
  -0.006580832414329052,
  0.019089894369244576,
  -0.004174668807536364,
  0.0030238949693739414,
  -0.003193272976204753,
  -0.02915293723344803,
  0.007482521235942841,
  -0.015283871442079544,
  0.00010578339424682781,
  0.03387559577822685,
  0.011567519046366215,
  -0.0031708553433418274,
  8.126406464725733e-05,
  -0.0031334925442934036,
  0.01826293021440506,
  -0.0364660806953907,
  0.03825949504971504,
  0.002667702967301011,
  -0.0014945114962756634,
  0.06735265254974365,
  0.04634978249669075,
  0.000220129091758281,
  -0.024729184806346893,
  -0.05356329306960106,
  0.0006831163191236556,
  0.011836531572043896,
  0.0216604545712471,
  0.012723274528980255,
  -0.018880661576986313,
  -0.008673148229718208,
  -0.008513733744621277,
  -0.028893889859318733,
  -0.030308693647384644,
  0.027997182682156563,
  0.04379915073513985,
  -0.024808891117572784,
  -0.0026303401682525873,
  -0.010880043730139732,
  0.028913816437125206,
  -0.0027523920871317387,
  -0.008902306668460369,
  -0.019139710813760757,
  -0.03505127876996994,
  0.010252349078655243,
  0.008678129874169827,
  0.02106264978647232,
  0.03315822780132294,
  0.011866421438753605,
  -0.02365313656628132,
  -0.060457974672317505,
  -0.005589473061263561,
  -0.016210468485951424,
  -0.015453249216079712,
  -0.010979677550494671,
  0.017615308985114098,
  0.03688454255461693,
  0.019687699154019356,
  0.009988319128751755,
  -0.0002806879347190261,
  -0.008020545355975628,
  0.019388796761631966,
  0.03650593385100365,
  -0.02417123317718506,
  -0.02136155217885971,
  0.007866112515330315,
  -0.02076374739408493,
  -0.017236700281500816,
  -0.0073579782620072365,
  -0.018352601677179337,
  0.04455637186765671,
  0.015074639581143856,
  -0.0023077749647200108,
  -0.0510525144636631,
  -0.00010648394527379423,
  0.0223180390894413,
  0.020604332908988,
  -0.0027822821866720915,
  -0.10106883198022842,
  -0.008334392681717873,
  0.0060228812508285046,
  -0.017794650048017502,
  0.03080686368048191,
  -0.006859807763248682,
  0.04945836961269379,
  -0.011627299711108208,
  -0.020923161879181862,
  -0.0011495284270495176,
  0.01907993108034134,
  -0.03507120534777641,
  0.020335320383310318,
  -0.01476577389985323,
  -0.029431913048028946,
  -0.00790596567094326,
  0.007392850238829851,
  -0.012603714130818844,
  -0.0075672101229429245,
  0.010082971304655075,
  -0.0223180390894413,
  0.02618384175002575,
  0.048621442168951035,
  0.015572809614241123,
  -0.07097933441400528,
  -0.0008655712590552866,
  0.03042825497686863,
  -0.031504303216934204,
  -0.0031085838563740253,
  -0.035310324281454086,
  0.011039458215236664,
  -0.019358905032277107,
  0.0044660987332463264,
  0.01361001841723919,
  0.019149674102663994,
  -0.048023637384176254,
  -0.05611392483115196,
  0.028176523745059967,
  0.010023190639913082,
  0.037761323153972626,
  -0.03212203457951546,
  0.0020275539718568325,
  0.02998986467719078,
  -0.006112552247941494,
  -0.008488825522363186,
  -0.0328194722533226,
  -0.015204164199531078,
  0.01595141924917698,
  -0.010949787683784962,
  -0.002667702967301011,
  -0.001356269232928753,
  -0.017973991110920906,
  -0.0369044728577137,
  -0.01432738360017538,
  0.024808891117572784,
  -0.020205795764923096,
  -0.009485166519880295,
  0.0037462422624230385,
  -0.045194029808044434,
  0.01584182307124138,
  -0.02759864553809166,
  -0.0416470542550087,
  -0.01959802769124508,
  -0.015194200910627842,
  -0.022816209122538567,
  -0.002946678549051285,
  -0.016609005630016327,
  0.031504303216934204,
  0.0041572330519557,
  0.025167573243379593,
  0.04027210548520088,
  0.023314379155635834,
  0.002118470147252083,
  -0.018133405596017838,
  -0.047585245221853256,
  0.006565887480974197,
  0.001524401712231338,
  -0.023314379155635834,
  -0.013829213567078114,
  0.010760483331978321,
  0.007188600488007069,
  0.007407795637845993,
  -0.02447013556957245,
  0.020644186064600945,
  -0.010481507517397404,
  0.028734475374221802,
  -0.007128819823265076,
  0.009888684377074242,
  0.03423427790403366,
  0.016170615330338478,
  -0.02634325623512268,
  -0.012543933466076851,
  -0.007083984557539225,
  -0.03130503371357918,
  0.0034473398700356483,
  -0.0018058681162074208,
  -0.03353684023022652,
  0.010720629245042801,
  0.020664112642407417,
  -0.0012915070401504636,
  0.015194200910627842,
  -0.001127110794186592,
  0.04172676056623459,
  -0.02253723330795765,
  0.029730815440416336,
  -0.010909934528172016,
  0.016798309981822968,
  0.02359335497021675,
  -0.03154415637254715,
  0.01859172247350216,
  -0.019518321380019188,
  -0.023792622610926628,
  -0.04619036987423897,
  -0.006227131467312574,
  -0.02797725610435009,
  0.009166337549686432,
  0.030328620225191116,
  0.01324137207120657,
  0.008254685439169407,
  0.022517306730151176,
  0.02803703583776951,
  0.009843849577009678,
  -0.046549052000045776,
  0.026682011783123016,
  -0.005763832945376635,
  -0.018880661576986313,
  0.0371236652135849,
  -0.0015156837180256844,
  0.0274591576308012,
  0.006486180238425732,
  0.03451325371861458,
  -0.07002284377813339,
  0.011896311305463314,
  -0.02977067045867443,
  0.012842835858464241,
  0.014666140079498291,
  0.011298507452011108,
  -0.01937883347272873,
  -0.01562262699007988,
  -0.044516514986753464,
  -0.017166955396533012,
  0.012653530575335026,
  -0.02789754793047905,
  -0.03853847086429596,
  -0.014835517853498459,
  0.006874753162264824,
  -0.01145792193710804,
  0.014905261807143688,
  -0.005195918492972851,
  -0.02803703583776951,
  0.035091131925582886,
  0.039773933589458466,
  0.021959355100989342,
  -0.024968305602669716,
  -0.03652586042881012,
  0.02917286567389965,
  0.017864394932985306,
  0.012653530575335026,
  0.001233594724908471,
  0.019747478887438774,
  0.021301770582795143,
  -0.014835517853498459,
  0.012882689014077187,
  -0.015423359349370003,
  0.04411797970533371,
  -0.010989641770720482,
  -0.05113222077488899,
  0.033138301223516464,
  0.0030762029346078634,
  -0.009370586834847927,
  0.010282238945364952,
  0.00610258849337697,
  -0.004072543699294329,
  -0.025028087198734283,
  0.005474893841892481,
  -0.007826258428394794,
  0.012215141206979752,
  0.029571400955319405,
  -0.03339735046029091,
  0.025506330654025078,
  0.01446687150746584,
  0.02835586480796337,
  0.011806640774011612,
  0.040810126811265945,
  -0.020365210250020027,
  0.01738615147769451,
  -0.008443989790976048,
  -0.009345678612589836,
  0.026901207864284515,
  0.027777986600995064,
  -0.002610413357615471,
  -0.01970762573182583,
  0.01796402782201767,
  0.05392197519540787,
  -0.0353701077401638,
  0.034035008400678635,
  0.027499012649059296,
  -0.08162025362253189,
  0.0004446171806193888,
  0.01555288303643465,
  0.03788088634610176,
  -0.0027847732417285442,
  0.056950852274894714,
  0.04084997996687889,
  -0.05069383233785629,
  0.012892652302980423,
  -0.023274526000022888,
  0.0024634532164782286,
  -0.056432753801345825,
  -0.0437592975795269,
  4.179961979389191e-05,
  0.01905003935098648,
  0.04272310435771942,
  0.01600123755633831,
  0.00315341935493052,
  -0.008608385920524597,
  -0.043121639639139175,
  0.0058435401879251,
  -0.038956932723522186,
  -0.017844468355178833,
  0.044078126549720764,
  -0.0027922457084059715,
  0.03937539830803871,
  0.03088657185435295,
  -0.040810126811265945,
  -0.0150248222053051,
  -0.007093947846442461,
  -0.034712519496679306,
  -0.0600992888212204,
  0.0183426383882761,
  0.04722656309604645,
  0.012514043599367142,
  0.03521069139242172,
  -0.003850857960060239,
  0.0063765826635062695,
  -0.04443680867552757,
  -0.029372133314609528,
  -0.013101884163916111,
  -0.010312129743397236,
  0.011487811803817749,
  0.01294246967881918,
  0.006745228543877602,
  -0.005564564373344183,
  -0.005534674506634474,
  -0.0034672666806727648,
  0.010800336487591267,
  -0.039475031197071075,
  0.0055944547057151794,
  -0.005225808825343847,
  -0.0067003932781517506,
  0.0026427945122122765,
  -0.036266811192035675,
  -0.02419115975499153,
  -0.019558174535632133,
  -0.013360933400690556,
  0.024450208991765976,
  -0.030328620225191116,
  0.008309484459459782,
  0.003006458980962634,
  0.03941525146365166,
  0.006047789938747883,
  0.04834246635437012,
  -0.014476834796369076,
  -0.04399842023849487,
  0.0009670734871178865,
  0.009011904709041119,
  -0.008727947250008583,
  0.023254599422216415,
  0.0068647894077003,
  -0.024729184806346893,
  0.0029790597036480904,
  0.032102108001708984,
  0.031803205609321594,
  -0.013928847387433052,
  0.007447649259120226,
  0.0013288698391988873,
  -0.027479086071252823,
  0.03465273976325989,
  0.04447666183114052,
  -0.003345214994624257,
  -0.013141738250851631,
  0.026084206998348236,
  0.005574528127908707,
  -0.021002868190407753,
  0.009818940423429012,
  -0.01324137207120657,
  -0.011039458215236664,
  -0.017764760181307793,
  0.010780409909784794,
  -0.025944720953702927,
  -0.043480321764945984,
  0.008254685439169407,
  -0.023015476763248444,
  -0.0033277790062129498,
  0.00873791053891182,
  0.0371236652135849,
  -0.015692371875047684,
  0.005723979324102402,
  -0.045353442430496216,
  0.03527047112584114,
  -0.003148437710478902,
  0.008304502815008163,
  0.026921134442090988,
  0.004740092437714338,
  0.01967773586511612,
  0.01755552925169468,
  0.005469912197440863,
  -0.01606101728975773,
  -0.004994159564375877,
  -0.04084997996687889,
  0.013410749845206738,
  -0.011766787618398666,
  -0.034493327140808105,
  0.022039063274860382,
  -0.001650189864449203,
  -0.007293216418474913,
  0.03935547173023224,
  -0.004672839306294918,
  -0.035589300096035004,
  -0.008005600422620773,
  0.01472591981291771,
  -0.02441035397350788,
  -0.017834505066275597,
  0.017924174666404724,
  0.017784686759114265,
  0.015493102371692657,
  0.013440640643239021,
  0.03124525398015976,
  0.03883737325668335,
  -0.030149279162287712,
  -0.009649562649428844,
  0.03796059265732765,
  -0.016648858785629272,
  -0.017764760181307793,
  0.03465273976325989,
  0.012005909346044064,
  -0.0027349560987204313,
  0.05842543765902519,
  0.0510525144636631,
  0.010342019610106945,
  0.026980914175510406,
  0.015014858916401863,
  0.021540893241763115,
  -0.020664112642407417,
  -0.027499012649059296,
  0.03393537551164627,
  -0.00240118196234107,
  -0.010212494991719723,
  -0.0005511011113412678,
  0.031663715839385986,
  -0.007910947315394878,
  -0.020943088456988335,
  -0.0011476603103801608,
  0.013091920875012875,
  -0.007338051684200764,
  0.0029018432833254337,
  -0.006969405338168144,
  -0.0037960591726005077,
  -0.0010125315748155117,
  -0.0037462422624230385,
  0.04694758728146553,
  0.015074639581143856,
  0.011298507452011108,
  0.014357274398207664,
  -0.007218490820378065,
  -0.046469345688819885,
  -0.014158005826175213,
  0.047067150473594666,
  0.0016850617248564959,
  0.015542919747531414,
  -0.021859722211956978,
  -0.016320066526532173,
  -0.011547592468559742,
  0.02082352712750435,
  0.016180578619241714,
  0.0019030113471671939,
  0.0005458080559037626,
  0.02179994061589241,
  0.0020723892375826836,
  0.0476251021027565,
  0.02373284287750721,
  -0.02179994061589241,
  0.024868670850992203,
  0.06181299686431885,
  -0.03393537551164627,
  -0.009789050556719303,
  -0.008379227481782436,
  0.016937797889113426,
  0.012972360476851463,
  0.019289162009954453,
  -0.03929568827152252,
  0.039315614849328995,
  0.01164722628891468,
  0.06747221201658249,
  0.013450603932142258,
  0.018193187192082405,
  -0.021680381149053574,
  -0.004916943144053221,
  0.017326369881629944,
  0.015034785494208336,
  0.05380241572856903,
  -0.012783055193722248,
  0.016559187322854996,
  -0.048462025821208954,
  -0.003183309454470873,
  -0.01208561658859253,
  0.0006146178930066526,
  -0.043121639639139175,
  -0.009410440921783447,
  0.029890229925513268,
  0.049896758049726486,
  -0.013978664763271809,
  -0.030527887865900993,
  0.034413617104291916,
  0.016728565096855164,
  -0.0019540737848728895,
  -0.007263326086103916,
  0.0022691667545586824,
  0.0023538556415587664,
  0.005036504007875919,
  -0.009883702732622623,
  0.00031524852965958416,
  0.045951247215270996,
  0.006535997148603201,
  -0.018462199717760086,
  0.03230137750506401,
  0.00154806487262249,
  -0.022377818822860718,
  -0.03590812906622887,
  -0.04714685678482056,
  -0.013879030011594296,
  -0.007009258959442377,
  -0.019259272143244743,
  0.0019877003505825996,
  0.004742583259940147,
  0.01543332263827324,
  0.02291584387421608,
  -0.004209540784358978,
  -0.030308693647384644,
  0.006984350737184286,
  0.047664955258369446,
  -0.030488034710288048,
  0.021082576364278793,
  0.025167573243379593,
  0.039475031197071075,
  -0.0026502672117203474,
  -0.017625272274017334,
  -0.0023501194082200527,
  0.019558174535632133,
  -0.006252039689570665,
  0.022258257493376732,
  0.054121244698762894,
  0.006237094756215811,
  0.004481043666601181,
  -0.008443989790976048,
  0.0017934137722477317,
  0.004408808890730143,
  0.0005567055195569992,
  -0.02470925636589527,
  0.0006532261031679809,
  -0.03987356647849083,
  -0.015154346823692322,
  -0.006859807763248682,
  -0.013380859978497028,
  0.02634325623512268,
  0.004122361075133085,
  -0.02700084075331688,
  0.008329411037266254,
  -0.014108188450336456,
  0.001881839125417173,
  0.06535997241735458,
  0.020295467227697372,
  0.021520966663956642,
  -0.0016439626924693584,
  -0.020564477890729904,
  -0.009903629310429096,
  -0.061414461582899094,
  0.05129163712263107,
  -0.06707368046045303,
  -0.016858089715242386,
  -0.02737945131957531,
  0.01145792193710804,
  0.0022616940550506115,
  0.006680466700345278,
  -0.02277635596692562,
  0.058784119784832,
  0.021919501945376396,
  0.019099857658147812,
  -0.014427018351852894,
  -0.014715956524014473,
  -0.021540893241763115,
  0.017027467489242554,
  0.018272893503308296,
  0.05647260695695877,
  -0.02723996341228485,
  -0.029710888862609863,
  0.0137295788154006,
  0.021919501945376396,
  0.0033078521955758333,
  0.020743820816278458,
  0.039534810930490494,
  0.0040849982760846615,
  -0.016559187322854996,
  -0.02106264978647232,
  0.018063662573695183,
  0.006999295670539141,
  0.00953996554017067,
  0.017794650048017502,
  -0.008847508579492569,
  -0.001742351334542036,
  -0.004538333509117365,
  -0.006341710686683655,
  0.017376188188791275,
  -0.02357342839241028,
  0.016459554433822632,
  -0.026921134442090988,
  -0.006511088460683823,
  0.014177932403981686,
  -0.006052771583199501,
  -0.025685671716928482,
  0.006012917961925268,
  0.015612663701176643,
  -0.027040695771574974,
  0.0398934930562973,
  -0.012822909280657768,
  -0.01643962599337101,
  0.01967773586511612,
  -0.005644272081553936,
  0.0013687234604731202,
  -0.006451308261603117,
  -0.009071685373783112,
  0.014526652172207832,
  0.009345678612589836,
  0.035230617970228195,
  -0.015263943932950497,
  0.028535205870866776,
  0.008055416867136955,
  -0.0018668939592316747,
  -0.022258257493376732,
  0.004872107412666082,
  0.005280607379972935,
  0.008673148229718208,
  0.028017109259963036,
  -0.014945114962756634,
  0.021859722211956978,
  -0.04015254229307175,
  -0.005589473061263561,
  0.017156992107629776,
  -0.00184198550414294,
  -0.0010710665956139565,
  -0.016320066526532173,
  0.033377423882484436,
  -0.03696425259113312,
  -0.01741604134440422,
  0.02977067045867443,
  -0.0026826481334865093,
  0.02805696241557598,
  -0.021839795634150505,
  0.005938192363828421,
  -0.019996564835309982,
  -0.023095184937119484,
  0.008593440987169743,
  -0.008249703794717789,
  0.009490148164331913,
  0.027399377897381783,
  0.013360933400690556,
  0.021022794768214226,
  -0.002675175666809082,
  -0.02462955005466938,
  0.012812945060431957,
  0.020604332908988,
  -0.010660848580300808,
  -0.010451617650687695,
  -0.0004869616823270917,
  -0.04240427538752556,
  -0.025805233046412468,
  0.0012802982237190008,
  0.007437685504555702,
  0.005778777878731489,
  -0.048183050006628036,
  -0.0038309311494231224,
  0.02909315750002861,
  -0.017764760181307793,
  0.02114235609769821,
  0.028754401952028275,
  -0.0008431535679847002,
  0.04272310435771942,
  -0.012354628182947636,
  -0.02887396328151226,
  -0.00930582545697689,
  -0.009599745273590088,
  -0.03742256760597229,
  -0.007472557481378317,
  -0.00866816658526659,
  0.00797570962458849,
  0.0015194200677797198,
  0.0016078453045338392,
  -0.007821276783943176,
  0.00471518374979496,
  -0.018432307988405228,
  0.01736622303724289,
  -0.009644581004977226,
  -0.031145619228482246,
  0.04439695551991463,
  0.0058036865666508675,
  0.0002774187014438212,
  -0.012075653299689293,
  0.0210427213460207,
  -0.0015381014673039317,
  -0.036127325147390366,
  -0.013879030011594296,
  0.03584834933280945,
  0.03728308156132698,
  0.022158624604344368,
  0.020444918423891068,
  0.03252056986093521,
  0.02879425510764122,
  -0.006296875420957804,
  0.002315247431397438,
  -0.022078916430473328,
  -0.016150688752532005,
  0.00920120906084776,
  -0.020444918423891068,
  0.008145087398588657,
  -0.008259667083621025,
  0.007602082099765539,
  0.011069349013268948,
  -0.05073368549346924,
  -0.002525724470615387,
  -0.021819869056344032,
  -0.0047899093478918076,
  -0.02142133191227913,
  -0.003190782153978944,
  0.0002564021269790828,
  -0.041208665817976,
  -0.005310497712343931,
  0.013600055128335953,
  0.017435967922210693,
  -0.044078126549720764,
  -0.005604417994618416,
  -0.014237713068723679,
  -0.039534810930490494,
  -0.005943174008280039,
  -0.006765155587345362,
  0.024908525869250298,
  0.01589163951575756,
  -0.03042825497686863,
  -0.027140328660607338,
  -0.033516909927129745,
  -0.033516909927129745,
  0.00206865300424397,
  0.028096817433834076,
  0.0029392060823738575,
  0.022716574370861053,
  0.02753886580467224,
  -0.007886039093136787,
  -0.040810126811265945,
  0.007093947846442461,
  0.02417123317718506,
  0.0007815049611963332,
  -0.017276553437113762,
  -0.02514764666557312,
  0.01923934556543827,
  -0.03578856959939003,
  0.007756514940410852,
  -0.0017336333403363824,
  -0.005494820885360241,
  0.01848212629556656,
  0.008294538594782352,
  -0.023473793640732765,
  -0.00953996554017067,
  0.017675088718533516,
  -0.026801573112607002,
  0.026741793379187584,
  -0.0066555580124258995,
  0.008488825522363186,
  -0.02193942852318287,
  0.012633603997528553,
  0.02305533178150654,
  0.018432307988405228,
  0.025625890120863914,
  0.0010442899074405432,
  -0.025386769324541092,
  -0.02321474626660347,
  -0.018800955265760422,
  0.011059385724365711,
  0.0016788345528766513,
  -0.018282856792211533,
  -0.00030948841595090926,
  0.04084997996687889,
  -0.01052136067301035,
  -0.022138698026537895,
  -0.0006569623365066946,
  -0.013012213632464409,
  0.014935151673853397,
  -0.012743202038109303,
  -0.02544654905796051,
  -0.007313142996281385,
  0.002404918195679784,
  -0.005948155652731657,
  0.012484152801334858,
  0.034573033452034,
  0.007178637199103832,
  0.005166028160601854,
  0.01413807924836874,
  -0.005878412164747715,
  -0.012454262934625149,
  0.03688454255461693,
  -0.0015991273103281856,
  0.04710700362920761,
  0.010053080506622791,
  0.004680311772972345,
  0.017346296459436417,
  -0.0009795277146622539,
  0.014337346889078617,
  0.02849535271525383,
  -0.02357342839241028,
  0.014158005826175213,
  -0.005669180303812027,
  0.008757837116718292,
  -0.035828422755002975,
  0.00476250983774662,
  0.006237094756215811,
  0.06316801905632019,
  0.012215141206979752,
  -0.005076357629150152,
  -0.0334770567715168,
  0.0012728256406262517,
  -0.007482521235942841,
  0.044675931334495544,
  -0.02367306314408779,
  0.009106556884944439,
  -0.01446687150746584,
  0.024071598425507545,
  -0.005494820885360241,
  -0.016051054000854492,
  -0.021022794768214226,
  0.010919897817075253,
  -0.041766613721847534,
  0.039036642760038376,
  -0.02397196553647518,
  0.003484702669084072,
  0.010620995424687862,
  0.015612663701176643,
  0.01831274852156639,
  -0.050335146486759186,
  -0.023613281548023224,
  0.02076374739408493,
  -0.024011818692088127,
  0.03660557046532631,
  0.002262939466163516,
  -0.027857694774866104,
  -0.007542301435023546,
  -0.008239740505814552,
  -0.015094566158950329,
  -0.008703039027750492,
  0.02977067045867443,
  -0.004707711283117533,
  0.0001344281918136403,
  0.018442271277308464,
  0.02134162373840809,
  0.004513424821197987,
  0.005763832945376635,
  0.0336962528526783,
  0.006012917961925268,
  0.019338978454470634,
  -0.009868757799267769,
  0.006959442049264908,
  -0.015134420245885849,
  -0.019279198721051216,
  -0.031504303216934204,
  0.02797725610435009,
  -0.0031633826438337564,
  -0.0017012523021548986,
  0.034413617104291916,
  0.03578856959939003,
  0.02114235609769821,
  0.036187104880809784,
  0.032102108001708984,
  0.04188617691397667,
  -0.02462955005466938,
  -0.0034971570130437613,
  -0.00924106314778328,
  0.03387559577822685,
  -0.011447958648204803,
  0.024908525869250298,
  -0.004224485717713833,
  0.0015779550885781646,
  0.002178250579163432,
  0.0220988430082798,
  0.005549619439989328,
  0.006441344507038593,
  0.029571400955319405,
  -0.01823304034769535,
  0.005968082696199417,
  0.008030508644878864,
  0.03935547173023224,
  -0.00983886793255806,
  -0.03592805564403534,
  0.027100475504994392,
  0.024888599291443825,
  0.02811674401164055,
  0.038060225546360016,
  0.025326987728476524,
  0.026881281286478043,
  -0.009340696968138218,
  0.0200563445687294,
  0.02664215862751007,
  0.015851786360144615,
  0.009280916303396225,
  0.03965437412261963,
  -0.01052136067301035,
  -0.03214196115732193,
  -0.01586174964904785,
  -0.05001631751656532,
  -0.023832477629184723,
  0.008125160820782185,
  -0.021919501945376396,
  -0.036565713584423065,
  0.001668871147558093,
  0.012733237817883492,
  0.019667772576212883,
  -0.028296085074543953,
  -0.01565251685678959,
  0.005195918492972851,
  0.005499802529811859,
  -0.011667152866721153,
  0.009465239942073822,
  0.0013413240667432547,
  -0.0043191383592784405,
  -0.020664112642407417,
  0.003982873167842627,
  -0.013071994297206402,
  0.018651504069566727,
  -0.0008836299530230463,
  0.028774328529834747,
  0.0071836188435554504,
  -0.010890007019042969,
  -0.0166289322078228,
  -0.04455637186765671,
  -0.017615308985114098,
  -0.01823304034769535,
  0.01432738360017538,
  0.01706732250750065,
  0.01945853978395462,
  -0.002360082697123289,
  0.025028087198734283,
  -0.009913593530654907,
  -0.012822909280657768,
  0.036286741495132446,
  0.036346521228551865,
  0.01432738360017538,
  0.027120402082800865,
  -0.014038444496691227,
  0.016917871311306953,
  0.018810918554663658,
  0.006052771583199501,
  0.016987614333629608,
  0.004697747994214296,
  0.005863466765731573,
  0.026024427264928818
]
```
