$ python -W ignore train.py lenetSimplify

Test set: Avg. loss: 2.3096, Accuracy: 924/10000 (9%)

Train Epoch: 1 [0/60000 (0%)]   Loss: 2.313179
Train Epoch: 1 [640/60000 (1%)] Loss: 2.300776
Train Epoch: 1 [1280/60000 (2%)]        Loss: 2.298872
Train Epoch: 1 [1920/60000 (3%)]        Loss: 2.276723
Train Epoch: 1 [2560/60000 (4%)]        Loss: 2.241102
Train Epoch: 1 [3200/60000 (5%)]        Loss: 2.248662
Train Epoch: 1 [3840/60000 (6%)]        Loss: 2.189547
Train Epoch: 1 [4480/60000 (7%)]        Loss: 2.146399
Train Epoch: 1 [5120/60000 (9%)]        Loss: 2.107701
Train Epoch: 1 [5760/60000 (10%)]       Loss: 2.011356
Train Epoch: 1 [6400/60000 (11%)]       Loss: 1.843857
Train Epoch: 1 [7040/60000 (12%)]       Loss: 1.758839
Train Epoch: 1 [7680/60000 (13%)]       Loss: 1.672644
Train Epoch: 1 [8320/60000 (14%)]       Loss: 1.687645
Train Epoch: 1 [8960/60000 (15%)]       Loss: 1.426628
Train Epoch: 1 [9600/60000 (16%)]       Loss: 1.284204
Train Epoch: 1 [10240/60000 (17%)]      Loss: 1.318824
Train Epoch: 1 [10880/60000 (18%)]      Loss: 1.445287
Train Epoch: 1 [11520/60000 (19%)]      Loss: 1.140686
Train Epoch: 1 [12160/60000 (20%)]      Loss: 1.152914
Train Epoch: 1 [12800/60000 (21%)]      Loss: 1.054201
Train Epoch: 1 [13440/60000 (22%)]      Loss: 0.900051
Train Epoch: 1 [14080/60000 (23%)]      Loss: 1.192117
Train Epoch: 1 [14720/60000 (25%)]      Loss: 0.944671
Train Epoch: 1 [15360/60000 (26%)]      Loss: 0.883142
Train Epoch: 1 [16000/60000 (27%)]      Loss: 0.846327
Train Epoch: 1 [16640/60000 (28%)]      Loss: 0.773429
Train Epoch: 1 [17280/60000 (29%)]      Loss: 0.760332
Train Epoch: 1 [17920/60000 (30%)]      Loss: 0.813500
Train Epoch: 1 [18560/60000 (31%)]      Loss: 0.890023
Train Epoch: 1 [19200/60000 (32%)]      Loss: 0.797666
Train Epoch: 1 [19840/60000 (33%)]      Loss: 0.903690
Train Epoch: 1 [20480/60000 (34%)]      Loss: 0.582573
Train Epoch: 1 [21120/60000 (35%)]      Loss: 0.689915
Train Epoch: 1 [21760/60000 (36%)]      Loss: 0.625788
Train Epoch: 1 [22400/60000 (37%)]      Loss: 0.770130
Train Epoch: 1 [23040/60000 (38%)]      Loss: 0.728703
Train Epoch: 1 [23680/60000 (39%)]      Loss: 0.634287
Train Epoch: 1 [24320/60000 (41%)]      Loss: 0.662664
Train Epoch: 1 [24960/60000 (42%)]      Loss: 0.837865
Train Epoch: 1 [25600/60000 (43%)]      Loss: 0.864284
Train Epoch: 1 [26240/60000 (44%)]      Loss: 0.624227
Train Epoch: 1 [26880/60000 (45%)]      Loss: 0.626281
Train Epoch: 1 [27520/60000 (46%)]      Loss: 0.678807
Train Epoch: 1 [28160/60000 (47%)]      Loss: 0.598430
Train Epoch: 1 [28800/60000 (48%)]      Loss: 0.549286
Train Epoch: 1 [29440/60000 (49%)]      Loss: 0.827346
Train Epoch: 1 [30080/60000 (50%)]      Loss: 0.739455
Train Epoch: 1 [30720/60000 (51%)]      Loss: 0.627518
Train Epoch: 1 [31360/60000 (52%)]      Loss: 0.646752
Train Epoch: 1 [32000/60000 (53%)]      Loss: 0.713839
Train Epoch: 1 [32640/60000 (54%)]      Loss: 0.442789
Train Epoch: 1 [33280/60000 (55%)]      Loss: 0.586857
Train Epoch: 1 [33920/60000 (57%)]      Loss: 0.571785
Train Epoch: 1 [34560/60000 (58%)]      Loss: 0.667452
Train Epoch: 1 [35200/60000 (59%)]      Loss: 0.574819
Train Epoch: 1 [35840/60000 (60%)]      Loss: 0.569871
Train Epoch: 1 [36480/60000 (61%)]      Loss: 0.619394
Train Epoch: 1 [37120/60000 (62%)]      Loss: 0.812101
Train Epoch: 1 [37760/60000 (63%)]      Loss: 0.572439
Train Epoch: 1 [38400/60000 (64%)]      Loss: 0.625037
Train Epoch: 1 [39040/60000 (65%)]      Loss: 0.541434
Train Epoch: 1 [39680/60000 (66%)]      Loss: 0.607958
Train Epoch: 1 [40320/60000 (67%)]      Loss: 0.321159
Train Epoch: 1 [40960/60000 (68%)]      Loss: 0.336282
Train Epoch: 1 [41600/60000 (69%)]      Loss: 0.383134
Train Epoch: 1 [42240/60000 (70%)]      Loss: 0.305446
Train Epoch: 1 [42880/60000 (71%)]      Loss: 0.417253
Train Epoch: 1 [43520/60000 (72%)]      Loss: 0.435512
Train Epoch: 1 [44160/60000 (74%)]      Loss: 0.460891
Train Epoch: 1 [44800/60000 (75%)]      Loss: 0.606755
Train Epoch: 1 [45440/60000 (76%)]      Loss: 0.530798
Train Epoch: 1 [46080/60000 (77%)]      Loss: 0.524799
Train Epoch: 1 [46720/60000 (78%)]      Loss: 0.376768
Train Epoch: 1 [47360/60000 (79%)]      Loss: 0.497275
Train Epoch: 1 [48000/60000 (80%)]      Loss: 0.556733
Train Epoch: 1 [48640/60000 (81%)]      Loss: 0.422800
Train Epoch: 1 [49280/60000 (82%)]      Loss: 0.390072
Train Epoch: 1 [49920/60000 (83%)]      Loss: 0.517069
Train Epoch: 1 [50560/60000 (84%)]      Loss: 0.426100
Train Epoch: 1 [51200/60000 (85%)]      Loss: 0.695361
Train Epoch: 1 [51840/60000 (86%)]      Loss: 0.508035
Train Epoch: 1 [52480/60000 (87%)]      Loss: 0.688313
Train Epoch: 1 [53120/60000 (88%)]      Loss: 0.539397
Train Epoch: 1 [53760/60000 (90%)]      Loss: 0.544342
Train Epoch: 1 [54400/60000 (91%)]      Loss: 0.644826
Train Epoch: 1 [55040/60000 (92%)]      Loss: 0.453377
Train Epoch: 1 [55680/60000 (93%)]      Loss: 0.558784
Train Epoch: 1 [56320/60000 (94%)]      Loss: 0.545578
Train Epoch: 1 [56960/60000 (95%)]      Loss: 0.362579
Train Epoch: 1 [57600/60000 (96%)]      Loss: 0.310162
Train Epoch: 1 [58240/60000 (97%)]      Loss: 0.293643
Train Epoch: 1 [58880/60000 (98%)]      Loss: 0.728693
Train Epoch: 1 [59520/60000 (99%)]      Loss: 0.385649

Test set: Avg. loss: 0.1856, Accuracy: 9447/10000 (94%)

Train Epoch: 2 [0/60000 (0%)]   Loss: 0.439402
Train Epoch: 2 [640/60000 (1%)] Loss: 0.442579
Train Epoch: 2 [1280/60000 (2%)]        Loss: 0.507388
Train Epoch: 2 [1920/60000 (3%)]        Loss: 0.511603
Train Epoch: 2 [2560/60000 (4%)]        Loss: 0.309444
Train Epoch: 2 [3200/60000 (5%)]        Loss: 0.165937
Train Epoch: 2 [3840/60000 (6%)]        Loss: 0.497947
Train Epoch: 2 [4480/60000 (7%)]        Loss: 0.413332
Train Epoch: 2 [5120/60000 (9%)]        Loss: 0.385270
Train Epoch: 2 [5760/60000 (10%)]       Loss: 0.645217
Train Epoch: 2 [6400/60000 (11%)]       Loss: 0.569083
Train Epoch: 2 [7040/60000 (12%)]       Loss: 0.306170
Train Epoch: 2 [7680/60000 (13%)]       Loss: 0.431131
Train Epoch: 2 [8320/60000 (14%)]       Loss: 0.635280
Train Epoch: 2 [8960/60000 (15%)]       Loss: 0.483599
Train Epoch: 2 [9600/60000 (16%)]       Loss: 0.443659
Train Epoch: 2 [10240/60000 (17%)]      Loss: 0.313380
Train Epoch: 2 [10880/60000 (18%)]      Loss: 0.505576
Train Epoch: 2 [11520/60000 (19%)]      Loss: 0.321660
Train Epoch: 2 [12160/60000 (20%)]      Loss: 0.310801
Train Epoch: 2 [12800/60000 (21%)]      Loss: 0.479338
Train Epoch: 2 [13440/60000 (22%)]      Loss: 0.461875
Train Epoch: 2 [14080/60000 (23%)]      Loss: 0.476598
Train Epoch: 2 [14720/60000 (25%)]      Loss: 0.375916
Train Epoch: 2 [15360/60000 (26%)]      Loss: 0.205359
Train Epoch: 2 [16000/60000 (27%)]      Loss: 0.253672
Train Epoch: 2 [16640/60000 (28%)]      Loss: 0.363335
Train Epoch: 2 [17280/60000 (29%)]      Loss: 0.432402
Train Epoch: 2 [17920/60000 (30%)]      Loss: 0.330801
Train Epoch: 2 [18560/60000 (31%)]      Loss: 0.339002
Train Epoch: 2 [19200/60000 (32%)]      Loss: 0.491080
Train Epoch: 2 [19840/60000 (33%)]      Loss: 0.325316
Train Epoch: 2 [20480/60000 (34%)]      Loss: 0.382023
Train Epoch: 2 [21120/60000 (35%)]      Loss: 0.354086
Train Epoch: 2 [21760/60000 (36%)]      Loss: 0.487424
Train Epoch: 2 [22400/60000 (37%)]      Loss: 0.597907
Train Epoch: 2 [23040/60000 (38%)]      Loss: 0.505408
Train Epoch: 2 [23680/60000 (39%)]      Loss: 0.321947
Train Epoch: 2 [24320/60000 (41%)]      Loss: 0.396863
Train Epoch: 2 [24960/60000 (42%)]      Loss: 0.212754
Train Epoch: 2 [25600/60000 (43%)]      Loss: 0.194155
Train Epoch: 2 [26240/60000 (44%)]      Loss: 0.400679
Train Epoch: 2 [26880/60000 (45%)]      Loss: 0.302166
Train Epoch: 2 [27520/60000 (46%)]      Loss: 0.230671
Train Epoch: 2 [28160/60000 (47%)]      Loss: 0.183703
Train Epoch: 2 [28800/60000 (48%)]      Loss: 0.265330
Train Epoch: 2 [29440/60000 (49%)]      Loss: 0.528317
Train Epoch: 2 [30080/60000 (50%)]      Loss: 0.287495
Train Epoch: 2 [30720/60000 (51%)]      Loss: 0.316203
Train Epoch: 2 [31360/60000 (52%)]      Loss: 0.428423
Train Epoch: 2 [32000/60000 (53%)]      Loss: 0.675610
Train Epoch: 2 [32640/60000 (54%)]      Loss: 0.309235
Train Epoch: 2 [33280/60000 (55%)]      Loss: 0.264429
Train Epoch: 2 [33920/60000 (57%)]      Loss: 0.451429
Train Epoch: 2 [34560/60000 (58%)]      Loss: 0.397299
Train Epoch: 2 [35200/60000 (59%)]      Loss: 0.434229
Train Epoch: 2 [35840/60000 (60%)]      Loss: 0.478710
Train Epoch: 2 [36480/60000 (61%)]      Loss: 0.340316
Train Epoch: 2 [37120/60000 (62%)]      Loss: 0.488695
Train Epoch: 2 [37760/60000 (63%)]      Loss: 0.438539
Train Epoch: 2 [38400/60000 (64%)]      Loss: 0.285640
Train Epoch: 2 [39040/60000 (65%)]      Loss: 0.192747
Train Epoch: 2 [39680/60000 (66%)]      Loss: 0.429372
Train Epoch: 2 [40320/60000 (67%)]      Loss: 0.194891
Train Epoch: 2 [40960/60000 (68%)]      Loss: 0.499451
Train Epoch: 2 [41600/60000 (69%)]      Loss: 0.143584
Train Epoch: 2 [42240/60000 (70%)]      Loss: 0.355043
Train Epoch: 2 [42880/60000 (71%)]      Loss: 0.458160
Train Epoch: 2 [43520/60000 (72%)]      Loss: 0.293098
Train Epoch: 2 [44160/60000 (74%)]      Loss: 0.408513
Train Epoch: 2 [44800/60000 (75%)]      Loss: 0.233311
Train Epoch: 2 [45440/60000 (76%)]      Loss: 0.504414
Train Epoch: 2 [46080/60000 (77%)]      Loss: 0.271456
Train Epoch: 2 [46720/60000 (78%)]      Loss: 0.273465
Train Epoch: 2 [47360/60000 (79%)]      Loss: 0.196131
Train Epoch: 2 [48000/60000 (80%)]      Loss: 0.260535
Train Epoch: 2 [48640/60000 (81%)]      Loss: 0.378069
Train Epoch: 2 [49280/60000 (82%)]      Loss: 0.464357
Train Epoch: 2 [49920/60000 (83%)]      Loss: 0.289567
Train Epoch: 2 [50560/60000 (84%)]      Loss: 0.332550
Train Epoch: 2 [51200/60000 (85%)]      Loss: 0.456153
Train Epoch: 2 [51840/60000 (86%)]      Loss: 0.315241
Train Epoch: 2 [52480/60000 (87%)]      Loss: 0.362858
Train Epoch: 2 [53120/60000 (88%)]      Loss: 0.242149
Train Epoch: 2 [53760/60000 (90%)]      Loss: 0.247118
Train Epoch: 2 [54400/60000 (91%)]      Loss: 0.203448
Train Epoch: 2 [55040/60000 (92%)]      Loss: 0.475424
Train Epoch: 2 [55680/60000 (93%)]      Loss: 0.199020
Train Epoch: 2 [56320/60000 (94%)]      Loss: 0.381832
Train Epoch: 2 [56960/60000 (95%)]      Loss: 0.221098
Train Epoch: 2 [57600/60000 (96%)]      Loss: 0.558443
Train Epoch: 2 [58240/60000 (97%)]      Loss: 0.475298
Train Epoch: 2 [58880/60000 (98%)]      Loss: 0.281492
Train Epoch: 2 [59520/60000 (99%)]      Loss: 0.284776

Test set: Avg. loss: 0.1153, Accuracy: 9639/10000 (96%)

Train Epoch: 3 [0/60000 (0%)]   Loss: 0.205132
Train Epoch: 3 [640/60000 (1%)] Loss: 0.254885
Train Epoch: 3 [1280/60000 (2%)]        Loss: 0.395815
Train Epoch: 3 [1920/60000 (3%)]        Loss: 0.263202
Train Epoch: 3 [2560/60000 (4%)]        Loss: 0.252869
Train Epoch: 3 [3200/60000 (5%)]        Loss: 0.319457
Train Epoch: 3 [3840/60000 (6%)]        Loss: 0.276973
Train Epoch: 3 [4480/60000 (7%)]        Loss: 0.491927
Train Epoch: 3 [5120/60000 (9%)]        Loss: 0.504224
Train Epoch: 3 [5760/60000 (10%)]       Loss: 0.392853
Train Epoch: 3 [6400/60000 (11%)]       Loss: 0.311908
Train Epoch: 3 [7040/60000 (12%)]       Loss: 0.347811
Train Epoch: 3 [7680/60000 (13%)]       Loss: 0.255676
Train Epoch: 3 [8320/60000 (14%)]       Loss: 0.157756
Train Epoch: 3 [8960/60000 (15%)]       Loss: 0.263965
Train Epoch: 3 [9600/60000 (16%)]       Loss: 0.244148
Train Epoch: 3 [10240/60000 (17%)]      Loss: 0.294290
Train Epoch: 3 [10880/60000 (18%)]      Loss: 0.293207
Train Epoch: 3 [11520/60000 (19%)]      Loss: 0.415020
Train Epoch: 3 [12160/60000 (20%)]      Loss: 0.224016
Train Epoch: 3 [12800/60000 (21%)]      Loss: 0.441423
Train Epoch: 3 [13440/60000 (22%)]      Loss: 0.332240
Train Epoch: 3 [14080/60000 (23%)]      Loss: 0.340201
Train Epoch: 3 [14720/60000 (25%)]      Loss: 0.313749
Train Epoch: 3 [15360/60000 (26%)]      Loss: 0.331326
Train Epoch: 3 [16000/60000 (27%)]      Loss: 0.790223
Train Epoch: 3 [16640/60000 (28%)]      Loss: 0.530347
Train Epoch: 3 [17280/60000 (29%)]      Loss: 0.469348
Train Epoch: 3 [17920/60000 (30%)]      Loss: 0.299510
Train Epoch: 3 [18560/60000 (31%)]      Loss: 0.320057
Train Epoch: 3 [19200/60000 (32%)]      Loss: 0.349173
Train Epoch: 3 [19840/60000 (33%)]      Loss: 0.374952
Train Epoch: 3 [20480/60000 (34%)]      Loss: 0.177791
Train Epoch: 3 [21120/60000 (35%)]      Loss: 0.187246
Train Epoch: 3 [21760/60000 (36%)]      Loss: 0.339049
Train Epoch: 3 [22400/60000 (37%)]      Loss: 0.236217
Train Epoch: 3 [23040/60000 (38%)]      Loss: 0.418641
Train Epoch: 3 [23680/60000 (39%)]      Loss: 0.194304
Train Epoch: 3 [24320/60000 (41%)]      Loss: 0.247032
Train Epoch: 3 [24960/60000 (42%)]      Loss: 0.167497
Train Epoch: 3 [25600/60000 (43%)]      Loss: 0.413234
Train Epoch: 3 [26240/60000 (44%)]      Loss: 0.196384
Train Epoch: 3 [26880/60000 (45%)]      Loss: 0.199103
Train Epoch: 3 [27520/60000 (46%)]      Loss: 0.204517
Train Epoch: 3 [28160/60000 (47%)]      Loss: 0.328721
Train Epoch: 3 [28800/60000 (48%)]      Loss: 0.474880
Train Epoch: 3 [29440/60000 (49%)]      Loss: 0.162152
Train Epoch: 3 [30080/60000 (50%)]      Loss: 0.282497
Train Epoch: 3 [30720/60000 (51%)]      Loss: 0.238669
Train Epoch: 3 [31360/60000 (52%)]      Loss: 0.214470
Train Epoch: 3 [32000/60000 (53%)]      Loss: 0.436280
Train Epoch: 3 [32640/60000 (54%)]      Loss: 0.336453
Train Epoch: 3 [33280/60000 (55%)]      Loss: 0.170883
Train Epoch: 3 [33920/60000 (57%)]      Loss: 0.444299
Train Epoch: 3 [34560/60000 (58%)]      Loss: 0.244457
Train Epoch: 3 [35200/60000 (59%)]      Loss: 0.344215
Train Epoch: 3 [35840/60000 (60%)]      Loss: 0.483182
Train Epoch: 3 [36480/60000 (61%)]      Loss: 0.175945
Train Epoch: 3 [37120/60000 (62%)]      Loss: 0.207642
Train Epoch: 3 [37760/60000 (63%)]      Loss: 0.337457
Train Epoch: 3 [38400/60000 (64%)]      Loss: 0.455642
Train Epoch: 3 [39040/60000 (65%)]      Loss: 0.355989
Train Epoch: 3 [39680/60000 (66%)]      Loss: 0.203780
Train Epoch: 3 [40320/60000 (67%)]      Loss: 0.230363
Train Epoch: 3 [40960/60000 (68%)]      Loss: 0.451007
Train Epoch: 3 [41600/60000 (69%)]      Loss: 0.347069
Train Epoch: 3 [42240/60000 (70%)]      Loss: 0.400612
Train Epoch: 3 [42880/60000 (71%)]      Loss: 0.180175
Train Epoch: 3 [43520/60000 (72%)]      Loss: 0.248073
Train Epoch: 3 [44160/60000 (74%)]      Loss: 0.299710
Train Epoch: 3 [44800/60000 (75%)]      Loss: 0.183197
Train Epoch: 3 [45440/60000 (76%)]      Loss: 0.247459
Train Epoch: 3 [46080/60000 (77%)]      Loss: 0.339869
Train Epoch: 3 [46720/60000 (78%)]      Loss: 0.200442
Train Epoch: 3 [47360/60000 (79%)]      Loss: 0.369018
Train Epoch: 3 [48000/60000 (80%)]      Loss: 0.338685
Train Epoch: 3 [48640/60000 (81%)]      Loss: 0.221771
Train Epoch: 3 [49280/60000 (82%)]      Loss: 0.230121
Train Epoch: 3 [49920/60000 (83%)]      Loss: 0.473235
Train Epoch: 3 [50560/60000 (84%)]      Loss: 0.431966
Train Epoch: 3 [51200/60000 (85%)]      Loss: 0.437692
Train Epoch: 3 [51840/60000 (86%)]      Loss: 0.217879
Train Epoch: 3 [52480/60000 (87%)]      Loss: 0.507417
Train Epoch: 3 [53120/60000 (88%)]      Loss: 0.229413
Train Epoch: 3 [53760/60000 (90%)]      Loss: 0.192388
Train Epoch: 3 [54400/60000 (91%)]      Loss: 0.395999
Train Epoch: 3 [55040/60000 (92%)]      Loss: 0.301809
Train Epoch: 3 [55680/60000 (93%)]      Loss: 0.188594
Train Epoch: 3 [56320/60000 (94%)]      Loss: 0.297996
Train Epoch: 3 [56960/60000 (95%)]      Loss: 0.358459
Train Epoch: 3 [57600/60000 (96%)]      Loss: 0.509502
Train Epoch: 3 [58240/60000 (97%)]      Loss: 0.387806
Train Epoch: 3 [58880/60000 (98%)]      Loss: 0.121890
Train Epoch: 3 [59520/60000 (99%)]      Loss: 0.296827

Test set: Avg. loss: 0.0989, Accuracy: 9681/10000 (97%)